OpenROAD 0.9.0 1415572a73
This program is licensed under the BSD-3 license. See the LICENSE file for details.
Components of this program may be licensed under more restrictive licenses which must be honored.
Notice 0: Reading LEF file:  /project/openlane/UART/runs/UART/tmp/merged_unpadded.lef
Notice 0:     Created 13 technology layers
Notice 0:     Created 25 technology vias
Notice 0:     Created 440 library cells
Notice 0: Finished LEF file:  /project/openlane/UART/runs/UART/tmp/merged_unpadded.lef
Notice 0: 
Reading DEF file: /project/openlane/UART/runs/UART/tmp/floorplan/7-pdn.def
Notice 0: Design: transmitter_top_module
Notice 0:     Created 100 pins.
Notice 0:     Created 7592 components and 16036 component-terminals.
Notice 0:     Created 2 special nets and 0 connections.
Notice 0:     Created 98 nets and 1 connections.
Notice 0: Finished DEF file: /project/openlane/UART/runs/UART/tmp/floorplan/7-pdn.def
[INFO GPL-0002] DBU: 1000
[INFO GPL-0003] SiteSize: 460 2720
[INFO GPL-0004] CoreAreaLxLy: 5520 10880
[INFO GPL-0005] CoreAreaUxUy: 894240 587520
[INFO GPL-0006] NumInstances: 7592
[INFO GPL-0007] NumPlaceInstances: 1
[INFO GPL-0008] NumFixedInstances: 7591
[INFO GPL-0009] NumDummyInstances: 0
[INFO GPL-0010] NumNets: 98
[INFO GPL-0011] NumPins: 99
[INFO GPL-0012] DieAreaLxLy: 0 0
[INFO GPL-0013] DieAreaUxUy: 900000 600000
[INFO GPL-0014] CoreAreaLxLy: 5520 10880
[INFO GPL-0015] CoreAreaUxUy: 894240 587520
[INFO GPL-0016] CoreArea: 512471500800
[INFO GPL-0017] NonPlaceInstsArea: 10558876800
[INFO GPL-0018] PlaceInstsArea: 3753600
[INFO GPL-0019] Util(%): 0.00
[INFO GPL-0020] StdInstsArea: 3753600
[INFO GPL-0021] MacroInstsArea: 0
Begin InitialPlace
[InitialPlace]  Iter: 1 CG Error: 0.00000000 HPWL: 448010
[InitialPlace]  Iter: 2 CG Error: 0.00000000 HPWL: 434300
[InitialPlace]  Iter: 3 CG Error: 0.00000000 HPWL: 434300
[InitialPlace]  Iter: 4 CG Error: 0.00000000 HPWL: 434300
[InitialPlace]  Iter: 5 CG Error: 0.00000000 HPWL: 434300
End InitialPlace
[INFO GPL-0031] FillerInit: NumGCells: 6685
[INFO GPL-0032] FillerInit: NumGNets: 98
[INFO GPL-0033] FillerInit: NumGPins: 99
[INFO GPL-0023] TargetDensity: 0.05
[INFO GPL-0024] AveragePlaceInstArea: 3753600
[INFO GPL-0025] IdealBinArea: 75072000
[INFO GPL-0026] IdealBinCnt: 6826
[INFO GPL-0027] TotalBinArea: 512471500800
[INFO GPL-0028] BinCnt: 64 64
[INFO GPL-0029] BinSize: 13887 9010
[INFO GPL-0030] NumBins: 4096
Begin NesterovInit
End NesterovInit
[ERROR GPL-0304] RePlAce diverged at initial iteration.
        Please tune the parameters again
Error: or_replace.tcl, 94 GPL-0304
