
76. Printing statistics.

=== uart ===

   Number of wires:                109
   Number of wire bits:            109
   Number of public wires:          25
   Number of public wire bits:      25
   Number of memories:               0
   Number of memory bits:            0
   Number of processes:              0
   Number of cells:                106
     sky130_fd_sc_hd__a211oi_2       2
     sky130_fd_sc_hd__a21o_2         1
     sky130_fd_sc_hd__a21oi_2        1
     sky130_fd_sc_hd__a22o_2         1
     sky130_fd_sc_hd__a2bb2o_2       1
     sky130_fd_sc_hd__a31o_2         1
     sky130_fd_sc_hd__a32o_2         3
     sky130_fd_sc_hd__and3_2         2
     sky130_fd_sc_hd__buf_1          4
     sky130_fd_sc_hd__conb_1         1
     sky130_fd_sc_hd__dfxtp_2       21
     sky130_fd_sc_hd__inv_2         22
     sky130_fd_sc_hd__mux2_1         5
     sky130_fd_sc_hd__nand2_2        8
     sky130_fd_sc_hd__nor2_2         5
     sky130_fd_sc_hd__o211a_2        3
     sky130_fd_sc_hd__o211ai_2       1
     sky130_fd_sc_hd__o21a_2         6
     sky130_fd_sc_hd__o221a_2        1
     sky130_fd_sc_hd__o22a_2         1
     sky130_fd_sc_hd__o2bb2a_2       1
     sky130_fd_sc_hd__o32a_2         1
     sky130_fd_sc_hd__or2_2          9
     sky130_fd_sc_hd__or3_2          1
     sky130_fd_sc_hd__or4_2          3
     sky130_fd_sc_hd__or4b_2         1

   Chip area for module '\uart': 1046.003200

