
58. Printing statistics.

=== uart ===

   Number of wires:                126
   Number of wire bits:            126
   Number of public wires:          25
   Number of public wire bits:      25
   Number of memories:               0
   Number of memory bits:            0
   Number of processes:              0
   Number of cells:                123
     sky130_fd_sc_hd__a21oi_2        2
     sky130_fd_sc_hd__a22oi_2        2
     sky130_fd_sc_hd__a31oi_2        4
     sky130_fd_sc_hd__and2_2         2
     sky130_fd_sc_hd__and2b_2        5
     sky130_fd_sc_hd__and4_2         3
     sky130_fd_sc_hd__buf_1          5
     sky130_fd_sc_hd__conb_1         1
     sky130_fd_sc_hd__dfxtp_2       21
     sky130_fd_sc_hd__inv_2         15
     sky130_fd_sc_hd__mux2_1         5
     sky130_fd_sc_hd__nand2_2        8
     sky130_fd_sc_hd__nand2b_2       2
     sky130_fd_sc_hd__nand3_2       11
     sky130_fd_sc_hd__nand3b_2       2
     sky130_fd_sc_hd__nor2_2         9
     sky130_fd_sc_hd__nor3_2         2
     sky130_fd_sc_hd__nor3b_2        2
     sky130_fd_sc_hd__o211ai_2       1
     sky130_fd_sc_hd__o21a_2         8
     sky130_fd_sc_hd__o21ai_2        2
     sky130_fd_sc_hd__o21bai_2       1
     sky130_fd_sc_hd__o22a_2         1
     sky130_fd_sc_hd__o22ai_2        1
     sky130_fd_sc_hd__o2bb2ai_2      1
     sky130_fd_sc_hd__or2b_2         1
     sky130_fd_sc_hd__xnor2_2        2
     sky130_fd_sc_hd__xor2_2         4

   Chip area for module '\uart': 1320.016000

