
40. Printing statistics.

=== uart ===

   Number of wires:                152
   Number of wire bits:            152
   Number of public wires:          25
   Number of public wire bits:      25
   Number of memories:               0
   Number of memory bits:            0
   Number of processes:              0
   Number of cells:                149
     sky130_fd_sc_hd__a21o_2         3
     sky130_fd_sc_hd__a21oi_2        6
     sky130_fd_sc_hd__a22o_2         1
     sky130_fd_sc_hd__a22oi_2        3
     sky130_fd_sc_hd__a31o_2         3
     sky130_fd_sc_hd__a41o_2         1
     sky130_fd_sc_hd__a41oi_2        1
     sky130_fd_sc_hd__and2_2         1
     sky130_fd_sc_hd__and3_2         5
     sky130_fd_sc_hd__and4_2         2
     sky130_fd_sc_hd__buf_1          8
     sky130_fd_sc_hd__conb_1         1
     sky130_fd_sc_hd__dfxtp_2       21
     sky130_fd_sc_hd__inv_2         20
     sky130_fd_sc_hd__mux2_1         5
     sky130_fd_sc_hd__nand2_2       25
     sky130_fd_sc_hd__nand3_2       11
     sky130_fd_sc_hd__nand3b_2       2
     sky130_fd_sc_hd__nor2_2        17
     sky130_fd_sc_hd__nor3_2         2
     sky130_fd_sc_hd__o211a_2        1
     sky130_fd_sc_hd__o21ai_2        2
     sky130_fd_sc_hd__o22ai_2        3
     sky130_fd_sc_hd__o2bb2a_2       1
     sky130_fd_sc_hd__o31ai_2        1
     sky130_fd_sc_hd__or2_2          1
     sky130_fd_sc_hd__or2b_2         1
     sky130_fd_sc_hd__or3_2          1

   Chip area for module '\uart': 1383.827200

