
reading lef ...

units:       1000
#layers:     13
#macros:     440
#vias:       25
#viarulegen: 25

reading def ...

design:      uart
die area:    ( 0 0 ) ( 58270 68990 )
trackPts:    12
defvias:     4
#components: 374
#terminals:  15
#snets:      2
#nets:       117

reading guide ...

#guides:     810
Warning: met2 does not have viaDef align with layer direction, generating new viaDef via2_FR...
Warning: met4 does not have viaDef align with layer direction, generating new viaDef via4_FR...
done initConstraintLayerIdx
List of default vias:
  Layer mcon
    default via: L1M1_PR_MR
  Layer via
    default via: M1M2_PR
  Layer via2
    default via: via2_FR
  Layer via3
    default via: M3M4_PR_M
  Layer via4
    default via: via4_FR
Writing reference output def...

libcell analysis ...

instance analysis ...
#unique instances = 78

init region query ...
  complete FR_MASTERSLICE
  complete FR_VIA
  complete li1
  complete mcon
  complete met1
  complete via
  complete met2
  complete via2
  complete met3
  complete via3
  complete met4
  complete via4
  complete met5

FR_MASTERSLICE shape region query size = 0
FR_VIA shape region query size = 0
li1 shape region query size = 4490
mcon shape region query size = 3594
met1 shape region query size = 1105
via shape region query size = 180
met2 shape region query size = 93
via2 shape region query size = 180
met3 shape region query size = 92
via3 shape region query size = 180
met4 shape region query size = 68
via4 shape region query size = 13
met5 shape region query size = 23


start pin access
  complete 100 pins
  complete 200 pins
  complete 228 pins
  complete 72 unique inst patterns
  complete 114 groups
Expt1 runtime (pin-level access point gen): 0.701546
Expt2 runtime (design-level access pattern gen): 0.148216
#scanned instances     = 374
#unique  instances     = 78
#stdCellGenAp          = 1247
#stdCellValidPlanarAp  = 0
#stdCellValidViaAp     = 988
#stdCellPinNoAp        = 0
#stdCellPinCnt         = 368
#instTermValidViaApCnt = 0
#macroGenAp            = 0
#macroValidPlanarAp    = 0
#macroValidViaAp       = 0
#macroNoAp             = 0

complete pin access
cpu time = 00:00:02, elapsed time = 00:00:00, memory = 14.11 (MB), peak = 14.14 (MB)

post process guides ...
GCELLGRID X 0 DO 9 STEP 6900 ;
GCELLGRID Y 0 DO 8 STEP 6900 ;
  complete FR_MASTERSLICE
  complete FR_VIA
  complete li1
  complete mcon
  complete met1
  complete via
  complete met2
  complete via2
  complete met3
  complete via3
  complete met4
  complete via4
  complete met5

building cmap ... 

init guide query ...
  complete FR_MASTERSLICE (guide)
  complete FR_VIA (guide)
  complete li1 (guide)
  complete mcon (guide)
  complete met1 (guide)
  complete via (guide)
  complete met2 (guide)
  complete via2 (guide)
  complete met3 (guide)
  complete via3 (guide)
  complete met4 (guide)
  complete via4 (guide)
  complete met5 (guide)

FR_MASTERSLICE guide region query size = 0
FR_VIA guide region query size = 0
li1 guide region query size = 319
mcon guide region query size = 0
met1 guide region query size = 261
via guide region query size = 0
met2 guide region query size = 137
via2 guide region query size = 0
met3 guide region query size = 2
via3 guide region query size = 0
met4 guide region query size = 0
via4 guide region query size = 0
met5 guide region query size = 0

init gr pin query ...


start track assignment
Done with 456 vertical wires in 1 frboxes and 263 horizontal wires in 1 frboxes.
Done with 84 vertical wires in 1 frboxes and 83 horizontal wires in 1 frboxes.

complete track assignment
cpu time = 00:00:00, elapsed time = 00:00:00, memory = 15.02 (MB), peak = 15.84 (MB)

post processing ...

start routing data preparation
initVia2ViaMinLen_minSpc li1 (d2d, d2u, u2d, u2u) = (0, 0, 0, 370)
initVia2ViaMinLen_minSpc met1 (d2d, d2u, u2d, u2u) = (430, 445, 445, 460)
initVia2ViaMinLen_minSpc met2 (d2d, d2u, u2d, u2u) = (460, 485, 485, 630)
initVia2ViaMinLen_minSpc met3 (d2d, d2u, u2d, u2u) = (630, 655, 655, 680)
initVia2ViaMinLen_minSpc met4 (d2d, d2u, u2d, u2u) = (630, 1055, 1055, 3020)
initVia2ViaMinLen_minSpc met5 (d2d, d2u, u2d, u2u) = (1480, 0, 0, 0)
initVia2ViaMinLen_minimumcut li1 (d2d, d2u, u2d, u2u) = (0, 0, 0, 370)
initVia2ViaMinLen_minimumcut li1 zerolen (b, b, b, b) = (1, 1, 1, 1)
initVia2ViaMinLen_minimumcut met1 (d2d, d2u, u2d, u2u) = (430, 445, 445, 460)
initVia2ViaMinLen_minimumcut met1 zerolen (b, b, b, b) = (1, 1, 1, 1)
initVia2ViaMinLen_minimumcut met2 (d2d, d2u, u2d, u2u) = (460, 485, 485, 630)
initVia2ViaMinLen_minimumcut met2 zerolen (b, b, b, b) = (1, 1, 1, 1)
initVia2ViaMinLen_minimumcut met3 (d2d, d2u, u2d, u2u) = (630, 655, 655, 680)
initVia2ViaMinLen_minimumcut met3 zerolen (b, b, b, b) = (1, 1, 1, 1)
initVia2ViaMinLen_minimumcut met4 (d2d, d2u, u2d, u2u) = (630, 1055, 1055, 3020)
initVia2ViaMinLen_minimumcut met4 zerolen (b, b, b, b) = (1, 1, 1, 1)
initVia2ViaMinLen_minimumcut met5 (d2d, d2u, u2d, u2u) = (1480, 0, 0, 0)
initVia2ViaMinLen_minimumcut met5 zerolen (b, b, b, b) = (1, 1, 1, 1)
initVia2ViaMinLenNew_minSpc li1 (d2d-x, d2d-y, d2u-x, d2u-y, u2d-x, u2d-y, u2u-x, u2u-y) = (0, 0, 0, 0, 0, 0, 430, 370)
initVia2ViaMinLenNew_minSpc met1 (d2d-x, d2d-y, d2u-x, d2u-y, u2d-x, u2d-y, u2u-x, u2u-y) = (430, 370, 445, 385, 445, 385, 460, 460)
initVia2ViaMinLenNew_minSpc met2 (d2d-x, d2d-y, d2u-x, d2u-y, u2d-x, u2d-y, u2u-x, u2u-y) = (460, 460, 410, 485, 410, 485, 630, 630)
initVia2ViaMinLenNew_minSpc met3 (d2d-x, d2d-y, d2u-x, d2u-y, u2d-x, u2d-y, u2u-x, u2u-y) = (630, 630, 655, 625, 655, 625, 680, 630)
initVia2ViaMinLenNew_minSpc met4 (d2d-x, d2d-y, d2u-x, d2u-y, u2d-x, u2d-y, u2u-x, u2u-y) = (680, 630, 1055, 1055, 1055, 1055, 3020, 3020)
initVia2ViaMinLenNew_minSpc met5 (d2d-x, d2d-y, d2u-x, d2u-y, u2d-x, u2d-y, u2u-x, u2u-y) = (1480, 1480, 0, 0, 0, 0, 0, 0)
initVia2ViaMinLenNew_minimumcut li1 (d2d-x, d2d-y, d2u-x, d2u-y, u2d-x, u2d-y, u2u-x, u2u-y) = (0, 0, 0, 0, 0, 0, 430, 370)
initVia2ViaMinLenNew_minimumcut met1 (d2d-x, d2d-y, d2u-x, d2u-y, u2d-x, u2d-y, u2u-x, u2u-y) = (430, 370, 445, 385, 445, 385, 460, 460)
initVia2ViaMinLenNew_minimumcut met2 (d2d-x, d2d-y, d2u-x, d2u-y, u2d-x, u2d-y, u2u-x, u2u-y) = (460, 460, 410, 485, 410, 485, 630, 630)
initVia2ViaMinLenNew_minimumcut met3 (d2d-x, d2d-y, d2u-x, d2u-y, u2d-x, u2d-y, u2u-x, u2u-y) = (630, 630, 655, 625, 655, 625, 680, 630)
initVia2ViaMinLenNew_minimumcut met4 (d2d-x, d2d-y, d2u-x, d2u-y, u2d-x, u2d-y, u2u-x, u2u-y) = (680, 630, 1055, 1055, 1055, 1055, 3020, 3020)
initVia2ViaMinLenNew_minimumcut met5 (d2d-x, d2d-y, d2u-x, d2u-y, u2d-x, u2d-y, u2u-x, u2u-y) = (1480, 1480, 0, 0, 0, 0, 0, 0)
initVia2ViaMinLenNew_cutSpc li1 (d2d-x, d2d-y, d2u-x, d2u-y, u2d-x, u2d-y, u2u-x, u2u-y) = (0, 0, 0, 0, 0, 0, 430, 370)
initVia2ViaMinLenNew_cutSpc met1 (d2d-x, d2d-y, d2u-x, d2u-y, u2d-x, u2d-y, u2u-x, u2u-y) = (430, 370, 445, 385, 445, 385, 460, 460)
initVia2ViaMinLenNew_cutSpc met2 (d2d-x, d2d-y, d2u-x, d2u-y, u2d-x, u2d-y, u2u-x, u2u-y) = (460, 460, 410, 485, 410, 485, 630, 630)
initVia2ViaMinLenNew_cutSpc met3 (d2d-x, d2d-y, d2u-x, d2u-y, u2d-x, u2d-y, u2u-x, u2u-y) = (630, 630, 655, 625, 655, 625, 680, 630)
initVia2ViaMinLenNew_cutSpc met4 (d2d-x, d2d-y, d2u-x, d2u-y, u2d-x, u2d-y, u2u-x, u2u-y) = (680, 630, 1055, 1055, 1055, 1055, 3020, 3020)
initVia2ViaMinLenNew_cutSpc met5 (d2d-x, d2d-y, d2u-x, d2u-y, u2d-x, u2d-y, u2u-x, u2u-y) = (1600, 1600, 0, 0, 0, 0, 0, 0)
cpu time = 00:00:00, elapsed time = 00:00:00, memory = 15.13 (MB), peak = 15.84 (MB)

start detail routing ...
start 0th optimization iteration ...
    completing 10% with 0 violations
    elapsed time = 00:00:00, memory = 28.38 (MB)
    completing 20% with 9 violations
    elapsed time = 00:00:01, memory = 21.66 (MB)
    completing 30% with 12 violations
    elapsed time = 00:00:01, memory = 24.22 (MB)
    completing 40% with 17 violations
    elapsed time = 00:00:01, memory = 24.85 (MB)
  number of violations = 41
cpu time = 00:00:01, elapsed time = 00:00:01, memory = 377.57 (MB), peak = 389.36 (MB)
total wire length = 2709 um
total wire length on LAYER li1 = 7 um
total wire length on LAYER met1 = 1397 um
total wire length on LAYER met2 = 1261 um
total wire length on LAYER met3 = 43 um
total wire length on LAYER met4 = 0 um
total wire length on LAYER met5 = 0 um
total number of vias = 755
up-via summary (total 755):

----------------------
 FR_MASTERSLICE      0
            li1    371
           met1    380
           met2      4
           met3      0
           met4      0
----------------------
                   755


start 1st optimization iteration ...
    completing 10% with 41 violations
    elapsed time = 00:00:00, memory = 385.05 (MB)
    completing 20% with 39 violations
    elapsed time = 00:00:00, memory = 388.62 (MB)
    completing 30% with 29 violations
    elapsed time = 00:00:00, memory = 394.98 (MB)
    completing 40% with 24 violations
    elapsed time = 00:00:01, memory = 394.99 (MB)
  number of violations = 2
cpu time = 00:00:01, elapsed time = 00:00:01, memory = 395.12 (MB), peak = 408.91 (MB)
total wire length = 2642 um
total wire length on LAYER li1 = 0 um
total wire length on LAYER met1 = 1331 um
total wire length on LAYER met2 = 1256 um
total wire length on LAYER met3 = 52 um
total wire length on LAYER met4 = 0 um
total wire length on LAYER met5 = 0 um
total number of vias = 763
up-via summary (total 763):

----------------------
 FR_MASTERSLICE      0
            li1    369
           met1    388
           met2      6
           met3      0
           met4      0
----------------------
                   763


start 2nd optimization iteration ...
    completing 10% with 2 violations
    elapsed time = 00:00:00, memory = 395.12 (MB)
    completing 20% with 2 violations
    elapsed time = 00:00:00, memory = 395.12 (MB)
    completing 30% with 2 violations
    elapsed time = 00:00:00, memory = 395.12 (MB)
    completing 40% with 2 violations
    elapsed time = 00:00:01, memory = 395.12 (MB)
  number of violations = 2
cpu time = 00:00:01, elapsed time = 00:00:01, memory = 395.12 (MB), peak = 408.91 (MB)
total wire length = 2642 um
total wire length on LAYER li1 = 0 um
total wire length on LAYER met1 = 1331 um
total wire length on LAYER met2 = 1256 um
total wire length on LAYER met3 = 52 um
total wire length on LAYER met4 = 0 um
total wire length on LAYER met5 = 0 um
total number of vias = 763
up-via summary (total 763):

----------------------
 FR_MASTERSLICE      0
            li1    369
           met1    388
           met2      6
           met3      0
           met4      0
----------------------
                   763


start 3rd optimization iteration ...
    completing 10% with 2 violations
    elapsed time = 00:00:00, memory = 395.12 (MB)
    completing 20% with 0 violations
    elapsed time = 00:00:00, memory = 395.12 (MB)
    completing 30% with 0 violations
    elapsed time = 00:00:00, memory = 395.12 (MB)
    completing 40% with 0 violations
    elapsed time = 00:00:00, memory = 395.12 (MB)
  number of violations = 0
cpu time = 00:00:00, elapsed time = 00:00:00, memory = 395.12 (MB), peak = 408.91 (MB)
total wire length = 2642 um
total wire length on LAYER li1 = 0 um
total wire length on LAYER met1 = 1332 um
total wire length on LAYER met2 = 1256 um
total wire length on LAYER met3 = 52 um
total wire length on LAYER met4 = 0 um
total wire length on LAYER met5 = 0 um
total number of vias = 763
up-via summary (total 763):

----------------------
 FR_MASTERSLICE      0
            li1    369
           met1    388
           met2      6
           met3      0
           met4      0
----------------------
                   763


start 17th optimization iteration ...
    completing 10% with 0 violations
    elapsed time = 00:00:00, memory = 395.12 (MB)
    completing 20% with 0 violations
    elapsed time = 00:00:00, memory = 395.12 (MB)
    completing 30% with 0 violations
    elapsed time = 00:00:00, memory = 395.12 (MB)
    completing 40% with 0 violations
    elapsed time = 00:00:00, memory = 395.12 (MB)
  number of violations = 0
cpu time = 00:00:00, elapsed time = 00:00:00, memory = 395.12 (MB), peak = 408.91 (MB)
total wire length = 2642 um
total wire length on LAYER li1 = 0 um
total wire length on LAYER met1 = 1332 um
total wire length on LAYER met2 = 1256 um
total wire length on LAYER met3 = 52 um
total wire length on LAYER met4 = 0 um
total wire length on LAYER met5 = 0 um
total number of vias = 763
up-via summary (total 763):

----------------------
 FR_MASTERSLICE      0
            li1    369
           met1    388
           met2      6
           met3      0
           met4      0
----------------------
                   763


start 25th optimization iteration ...
    completing 10% with 0 violations
    elapsed time = 00:00:00, memory = 395.12 (MB)
    completing 20% with 0 violations
    elapsed time = 00:00:00, memory = 395.12 (MB)
    completing 30% with 0 violations
    elapsed time = 00:00:00, memory = 395.12 (MB)
    completing 40% with 0 violations
    elapsed time = 00:00:00, memory = 395.12 (MB)
    completing 50% with 0 violations
    elapsed time = 00:00:00, memory = 395.12 (MB)
    completing 60% with 0 violations
    elapsed time = 00:00:00, memory = 395.38 (MB)
  number of violations = 0
cpu time = 00:00:00, elapsed time = 00:00:00, memory = 395.55 (MB), peak = 408.91 (MB)
total wire length = 2642 um
total wire length on LAYER li1 = 0 um
total wire length on LAYER met1 = 1332 um
total wire length on LAYER met2 = 1256 um
total wire length on LAYER met3 = 52 um
total wire length on LAYER met4 = 0 um
total wire length on LAYER met5 = 0 um
total number of vias = 763
up-via summary (total 763):

----------------------
 FR_MASTERSLICE      0
            li1    369
           met1    388
           met2      6
           met3      0
           met4      0
----------------------
                   763


start 33rd optimization iteration ...
    completing 10% with 0 violations
    elapsed time = 00:00:00, memory = 395.55 (MB)
    completing 20% with 0 violations
    elapsed time = 00:00:00, memory = 395.55 (MB)
    completing 30% with 0 violations
    elapsed time = 00:00:00, memory = 395.55 (MB)
    completing 40% with 0 violations
    elapsed time = 00:00:00, memory = 395.55 (MB)
    completing 50% with 0 violations
    elapsed time = 00:00:00, memory = 395.55 (MB)
    completing 60% with 0 violations
    elapsed time = 00:00:00, memory = 395.55 (MB)
    completing 70% with 0 violations
    elapsed time = 00:00:00, memory = 395.55 (MB)
    completing 80% with 0 violations
    elapsed time = 00:00:00, memory = 395.55 (MB)
    completing 90% with 0 violations
    elapsed time = 00:00:00, memory = 395.55 (MB)
    completing 100% with 0 violations
    elapsed time = 00:00:00, memory = 395.55 (MB)
  number of violations = 0
cpu time = 00:00:00, elapsed time = 00:00:00, memory = 395.55 (MB), peak = 408.91 (MB)
total wire length = 2642 um
total wire length on LAYER li1 = 0 um
total wire length on LAYER met1 = 1332 um
total wire length on LAYER met2 = 1256 um
total wire length on LAYER met3 = 52 um
total wire length on LAYER met4 = 0 um
total wire length on LAYER met5 = 0 um
total number of vias = 763
up-via summary (total 763):

----------------------
 FR_MASTERSLICE      0
            li1    369
           met1    388
           met2      6
           met3      0
           met4      0
----------------------
                   763


start 41st optimization iteration ...
    completing 10% with 0 violations
    elapsed time = 00:00:00, memory = 395.55 (MB)
    completing 20% with 0 violations
    elapsed time = 00:00:00, memory = 395.55 (MB)
    completing 30% with 0 violations
    elapsed time = 00:00:00, memory = 395.55 (MB)
    completing 40% with 0 violations
    elapsed time = 00:00:00, memory = 395.55 (MB)
    completing 50% with 0 violations
    elapsed time = 00:00:00, memory = 395.55 (MB)
    completing 60% with 0 violations
    elapsed time = 00:00:00, memory = 395.55 (MB)
    completing 70% with 0 violations
    elapsed time = 00:00:00, memory = 395.55 (MB)
    completing 80% with 0 violations
    elapsed time = 00:00:00, memory = 395.55 (MB)
    completing 90% with 0 violations
    elapsed time = 00:00:00, memory = 395.55 (MB)
    completing 100% with 0 violations
    elapsed time = 00:00:00, memory = 395.55 (MB)
  number of violations = 0
cpu time = 00:00:00, elapsed time = 00:00:00, memory = 395.55 (MB), peak = 408.91 (MB)
total wire length = 2642 um
total wire length on LAYER li1 = 0 um
total wire length on LAYER met1 = 1332 um
total wire length on LAYER met2 = 1256 um
total wire length on LAYER met3 = 52 um
total wire length on LAYER met4 = 0 um
total wire length on LAYER met5 = 0 um
total number of vias = 763
up-via summary (total 763):

----------------------
 FR_MASTERSLICE      0
            li1    369
           met1    388
           met2      6
           met3      0
           met4      0
----------------------
                   763


start 49th optimization iteration ...
    completing 10% with 0 violations
    elapsed time = 00:00:00, memory = 395.55 (MB)
    completing 20% with 0 violations
    elapsed time = 00:00:00, memory = 395.55 (MB)
    completing 30% with 0 violations
    elapsed time = 00:00:00, memory = 395.55 (MB)
    completing 40% with 0 violations
    elapsed time = 00:00:00, memory = 395.55 (MB)
    completing 50% with 0 violations
    elapsed time = 00:00:00, memory = 395.55 (MB)
    completing 60% with 0 violations
    elapsed time = 00:00:00, memory = 395.55 (MB)
    completing 70% with 0 violations
    elapsed time = 00:00:00, memory = 395.55 (MB)
    completing 80% with 0 violations
    elapsed time = 00:00:00, memory = 395.55 (MB)
    completing 90% with 0 violations
    elapsed time = 00:00:00, memory = 395.55 (MB)
    completing 100% with 0 violations
    elapsed time = 00:00:00, memory = 395.55 (MB)
  number of violations = 0
cpu time = 00:00:00, elapsed time = 00:00:00, memory = 395.55 (MB), peak = 408.91 (MB)
total wire length = 2642 um
total wire length on LAYER li1 = 0 um
total wire length on LAYER met1 = 1332 um
total wire length on LAYER met2 = 1256 um
total wire length on LAYER met3 = 52 um
total wire length on LAYER met4 = 0 um
total wire length on LAYER met5 = 0 um
total number of vias = 763
up-via summary (total 763):

----------------------
 FR_MASTERSLICE      0
            li1    369
           met1    388
           met2      6
           met3      0
           met4      0
----------------------
                   763


start 57th optimization iteration ...
    completing 10% with 0 violations
    elapsed time = 00:00:00, memory = 395.55 (MB)
    completing 20% with 0 violations
    elapsed time = 00:00:00, memory = 395.55 (MB)
    completing 30% with 0 violations
    elapsed time = 00:00:00, memory = 395.55 (MB)
    completing 40% with 0 violations
    elapsed time = 00:00:00, memory = 395.55 (MB)
    completing 50% with 0 violations
    elapsed time = 00:00:00, memory = 395.55 (MB)
    completing 60% with 0 violations
    elapsed time = 00:00:00, memory = 395.55 (MB)
    completing 70% with 0 violations
    elapsed time = 00:00:00, memory = 395.55 (MB)
    completing 80% with 0 violations
    elapsed time = 00:00:00, memory = 395.55 (MB)
    completing 90% with 0 violations
    elapsed time = 00:00:00, memory = 395.55 (MB)
    completing 100% with 0 violations
    elapsed time = 00:00:00, memory = 395.55 (MB)
  number of violations = 0
cpu time = 00:00:00, elapsed time = 00:00:00, memory = 395.55 (MB), peak = 408.91 (MB)
total wire length = 2642 um
total wire length on LAYER li1 = 0 um
total wire length on LAYER met1 = 1332 um
total wire length on LAYER met2 = 1256 um
total wire length on LAYER met3 = 52 um
total wire length on LAYER met4 = 0 um
total wire length on LAYER met5 = 0 um
total number of vias = 763
up-via summary (total 763):

----------------------
 FR_MASTERSLICE      0
            li1    369
           met1    388
           met2      6
           met3      0
           met4      0
----------------------
                   763


complete detail routing
total wire length = 2642 um
total wire length on LAYER li1 = 0 um
total wire length on LAYER met1 = 1332 um
total wire length on LAYER met2 = 1256 um
total wire length on LAYER met3 = 52 um
total wire length on LAYER met4 = 0 um
total wire length on LAYER met5 = 0 um
total number of vias = 763
up-via summary (total 763):

----------------------
 FR_MASTERSLICE      0
            li1    369
           met1    388
           met2      6
           met3      0
           met4      0
----------------------
                   763

cpu time = 00:00:07, elapsed time = 00:00:05, memory = 395.55 (MB), peak = 408.91 (MB)

post processing ...

Runtime taken (hrt): 8.11844
