OpenROAD 0.9.0 1415572a73
This program is licensed under the BSD-3 license. See the LICENSE file for details.
Components of this program may be licensed under more restrictive licenses which must be honored.
Notice 0: Reading LEF file:  /project/openlane/UART/runs/UART/tmp/merged_unpadded.lef
Notice 0:     Created 13 technology layers
Notice 0:     Created 25 technology vias
Notice 0:     Created 440 library cells
Notice 0: Finished LEF file:  /project/openlane/UART/runs/UART/tmp/merged_unpadded.lef
Notice 0: 
Reading DEF file: /project/openlane/UART/runs/UART/tmp/floorplan/4-ioPlacer.def
Notice 0: Design: transmitter_top_module
Notice 0:     Created 98 pins.
Notice 0:     Created 1 components and 6 component-terminals.
Notice 0:     Created 98 nets and 1 connections.
Notice 0: Finished DEF file: /project/openlane/UART/runs/UART/tmp/floorplan/4-ioPlacer.def
Step 1: Cut rows...
[INFO TAP-0001] Macro blocks found: 0
[INFO TAP-0002] #Original rows: 212
[INFO TAP-0003] #Cut rows: 0
Step 2: Insert endcaps...
[INFO TAP-0004] #Endcaps inserted: 424
Step 3: Insert tapcells...
[INFO TAP-0005] #Tapcells inserted: 7167
