Startpoint: _182_ (rising edge-triggered flip-flop clocked by clk)
Endpoint: _182_ (rising edge-triggered flip-flop clocked by clk)
Path Group: clk
Path Type: min

Fanout     Cap    Slew   Delay    Time   Description
-----------------------------------------------------------------------------
                  0.00    0.00    0.00   clock clk (rise edge)
                          0.00    0.00   clock network delay (ideal)
                  0.00    0.00    0.00 ^ _182_/CLK (sky130_fd_sc_hd__dfxtp_1)
                  0.03    0.19    0.19 v _182_/Q (sky130_fd_sc_hd__dfxtp_1)
     2    0.01                           tx_inst.u1_tx.acc[0] (net)
                  0.03    0.00    0.19 v _087_/A (sky130_fd_sc_hd__inv_2)
                  0.04    0.04    0.23 ^ _087_/Y (sky130_fd_sc_hd__inv_2)
     4    0.01                           _023_ (net)
                  0.04    0.00    0.23 ^ _182_/D (sky130_fd_sc_hd__dfxtp_1)
                                  0.23   data arrival time

                  0.00    0.00    0.00   clock clk (rise edge)
                          0.00    0.00   clock network delay (ideal)
                          0.00    0.00   clock reconvergence pessimism
                                  0.00 ^ _182_/CLK (sky130_fd_sc_hd__dfxtp_1)
                         -0.02   -0.02   library hold time
                                 -0.02   data required time
-----------------------------------------------------------------------------
                                 -0.02   data required time
                                 -0.23   data arrival time
-----------------------------------------------------------------------------
                                  0.25   slack (MET)


Startpoint: _189_ (rising edge-triggered flip-flop clocked by clk)
Endpoint: _181_ (rising edge-triggered flip-flop clocked by clk)
Path Group: clk
Path Type: max

Fanout     Cap    Slew   Delay    Time   Description
-----------------------------------------------------------------------------
                  0.00    0.00    0.00   clock clk (rise edge)
                          0.00    0.00   clock network delay (ideal)
                  0.00    0.00    0.00 ^ _189_/CLK (sky130_fd_sc_hd__dfxtp_1)
                  0.13    0.64    0.64 ^ _189_/Q (sky130_fd_sc_hd__dfxtp_1)
     2    0.01                           tx_inst.u1_tx.acc[7] (net)
                  0.13    0.00    0.64 ^ _086_/A (sky130_fd_sc_hd__inv_2)
                  0.04    0.08    0.71 v _086_/Y (sky130_fd_sc_hd__inv_2)
     2    0.00                           _056_ (net)
                  0.04    0.00    0.71 v _097_/B (sky130_fd_sc_hd__or4b_4)
                  0.14    0.98    1.69 v _097_/X (sky130_fd_sc_hd__or4b_4)
     1    0.00                           _066_ (net)
                  0.14    0.00    1.69 v _101_/C (sky130_fd_sc_hd__or4_4)
                  0.17    1.01    2.70 v _101_/X (sky130_fd_sc_hd__or4_4)
     3    0.01                           _070_ (net)
                  0.17    0.00    2.70 v _102_/A (sky130_fd_sc_hd__inv_2)
                  0.08    0.13    2.83 ^ _102_/Y (sky130_fd_sc_hd__inv_2)
     3    0.01                           _071_ (net)
                  0.08    0.00    2.83 ^ _117_/C (sky130_fd_sc_hd__and3_1)
                  0.17    0.38    3.21 ^ _117_/X (sky130_fd_sc_hd__and3_1)
     4    0.01                           _078_ (net)
                  0.17    0.00    3.21 ^ _119_/B (sky130_fd_sc_hd__nand2_1)
                  0.10    0.16    3.37 v _119_/Y (sky130_fd_sc_hd__nand2_1)
     2    0.00                           _080_ (net)
                  0.10    0.00    3.37 v _120_/B2 (sky130_fd_sc_hd__a32o_1)
                  0.06    0.38    3.75 v _120_/X (sky130_fd_sc_hd__a32o_1)
     1    0.00                           _022_ (net)
                  0.06    0.00    3.75 v _181_/D (sky130_fd_sc_hd__dfxtp_1)
                                  3.75   data arrival time

                  0.00    6.66    6.66   clock clk (rise edge)
                          0.00    6.66   clock network delay (ideal)
                          0.00    6.66   clock reconvergence pessimism
                                  6.66 ^ _181_/CLK (sky130_fd_sc_hd__dfxtp_1)
                         -0.28    6.38   library setup time
                                  6.38   data required time
-----------------------------------------------------------------------------
                                  6.38   data required time
                                 -3.75   data arrival time
-----------------------------------------------------------------------------
                                  2.63   slack (MET)


