Startpoint: _182_ (rising edge-triggered flip-flop clocked by clk)
Endpoint: _182_ (rising edge-triggered flip-flop clocked by clk)
Path Group: clk
Path Type: min

Fanout     Cap    Slew   Delay    Time   Description
-----------------------------------------------------------------------------
                  0.00    0.00    0.00   clock clk (rise edge)
                          0.00    0.00   clock network delay (ideal)
                  0.00    0.00    0.00 ^ _182_/CLK (sky130_fd_sc_hd__dfxtp_2)
                  0.04    0.19    0.19 ^ _182_/Q (sky130_fd_sc_hd__dfxtp_2)
     2    0.01                           tx_inst.u1_tx.acc[0] (net)
                  0.04    0.00    0.19 ^ _087_/A (sky130_fd_sc_hd__inv_2)
                  0.02    0.03    0.22 v _087_/Y (sky130_fd_sc_hd__inv_2)
     4    0.01                           _023_ (net)
                  0.02    0.00    0.22 v _182_/D (sky130_fd_sc_hd__dfxtp_2)
                                  0.22   data arrival time

                  0.00    0.00    0.00   clock clk (rise edge)
                          0.00    0.00   clock network delay (ideal)
                          0.00    0.00   clock reconvergence pessimism
                                  0.00 ^ _182_/CLK (sky130_fd_sc_hd__dfxtp_2)
                         -0.03   -0.03   library hold time
                                 -0.03   data required time
-----------------------------------------------------------------------------
                                 -0.03   data required time
                                 -0.22   data arrival time
-----------------------------------------------------------------------------
                                  0.25   slack (MET)


Startpoint: _189_ (rising edge-triggered flip-flop clocked by clk)
Endpoint: _181_ (rising edge-triggered flip-flop clocked by clk)
Path Group: clk
Path Type: max

Fanout     Cap    Slew   Delay    Time   Description
-----------------------------------------------------------------------------
                  0.00    0.00    0.00   clock clk (rise edge)
                          0.00    0.00   clock network delay (ideal)
                  0.00    0.00    0.00 ^ _189_/CLK (sky130_fd_sc_hd__dfxtp_2)
                  0.09    0.63    0.63 ^ _189_/Q (sky130_fd_sc_hd__dfxtp_2)
     2    0.01                           tx_inst.u1_tx.acc[7] (net)
                  0.09    0.00    0.63 ^ _086_/A (sky130_fd_sc_hd__inv_2)
                  0.03    0.06    0.69 v _086_/Y (sky130_fd_sc_hd__inv_2)
     2    0.00                           _056_ (net)
                  0.03    0.00    0.69 v _097_/B (sky130_fd_sc_hd__or4b_2)
                  0.20    1.43    2.12 v _097_/X (sky130_fd_sc_hd__or4b_2)
     1    0.00                           _066_ (net)
                  0.20    0.00    2.12 v _101_/C (sky130_fd_sc_hd__or4_2)
                  0.28    1.59    3.72 v _101_/X (sky130_fd_sc_hd__or4_2)
     3    0.01                           _070_ (net)
                  0.28    0.00    3.72 v _102_/A (sky130_fd_sc_hd__inv_2)
                  0.12    0.19    3.91 ^ _102_/Y (sky130_fd_sc_hd__inv_2)
     3    0.01                           _071_ (net)
                  0.12    0.00    3.91 ^ _117_/C (sky130_fd_sc_hd__and3_2)
                  0.14    0.44    4.35 ^ _117_/X (sky130_fd_sc_hd__and3_2)
     4    0.01                           _078_ (net)
                  0.14    0.00    4.35 ^ _119_/B (sky130_fd_sc_hd__nand2_2)
                  0.07    0.13    4.48 v _119_/Y (sky130_fd_sc_hd__nand2_2)
     2    0.00                           _080_ (net)
                  0.07    0.00    4.48 v _120_/B2 (sky130_fd_sc_hd__a32o_2)
                  0.06    0.40    4.88 v _120_/X (sky130_fd_sc_hd__a32o_2)
     1    0.00                           _022_ (net)
                  0.06    0.00    4.88 v _181_/D (sky130_fd_sc_hd__dfxtp_2)
                                  4.88   data arrival time

                  0.00    6.66    6.66   clock clk (rise edge)
                          0.00    6.66   clock network delay (ideal)
                          0.00    6.66   clock reconvergence pessimism
                                  6.66 ^ _181_/CLK (sky130_fd_sc_hd__dfxtp_2)
                         -0.29    6.37   library setup time
                                  6.37   data required time
-----------------------------------------------------------------------------
                                  6.37   data required time
                                 -4.88   data arrival time
-----------------------------------------------------------------------------
                                  1.49   slack (MET)


