Startpoint: _182_ (rising edge-triggered flip-flop clocked by clk)
Endpoint: _182_ (rising edge-triggered flip-flop clocked by clk)
Path Group: clk
Path Type: min

Fanout     Cap    Slew   Delay    Time   Description
-----------------------------------------------------------------------------
                  0.00    0.00    0.00   clock clk (rise edge)
                          0.00    0.00   clock network delay (ideal)
                  0.00    0.00    0.00 ^ _182_/CLK (sky130_fd_sc_hd__dfxtp_1)
                  0.01    0.17    0.17 v _182_/Q (sky130_fd_sc_hd__dfxtp_1)
     2    0.00                           tx_inst.u1_tx.acc[0] (net)
                  0.01    0.00    0.17 v _087_/A (sky130_fd_sc_hd__inv_2)
                  0.03    0.03    0.20 ^ _087_/Y (sky130_fd_sc_hd__inv_2)
     4    0.01                           _023_ (net)
                  0.03    0.00    0.20 ^ _182_/D (sky130_fd_sc_hd__dfxtp_1)
                                  0.20   data arrival time

                  0.00    0.00    0.00   clock clk (rise edge)
                          0.00    0.00   clock network delay (ideal)
                          0.00    0.00   clock reconvergence pessimism
                                  0.00 ^ _182_/CLK (sky130_fd_sc_hd__dfxtp_1)
                         -0.02   -0.02   library hold time
                                 -0.02   data required time
-----------------------------------------------------------------------------
                                 -0.02   data required time
                                 -0.20   data arrival time
-----------------------------------------------------------------------------
                                  0.22   slack (MET)


Startpoint: _189_ (rising edge-triggered flip-flop clocked by clk)
Endpoint: _181_ (rising edge-triggered flip-flop clocked by clk)
Path Group: clk
Path Type: max

Fanout     Cap    Slew   Delay    Time   Description
-----------------------------------------------------------------------------
                  0.00    0.00    0.00   clock clk (rise edge)
                          0.00    0.00   clock network delay (ideal)
                  0.00    0.00    0.00 ^ _189_/CLK (sky130_fd_sc_hd__dfxtp_1)
                  0.15    0.65    0.65 ^ _189_/Q (sky130_fd_sc_hd__dfxtp_1)
     2    0.01                           tx_inst.u1_tx.acc[7] (net)
                  0.15    0.00    0.65 ^ _086_/A (sky130_fd_sc_hd__inv_2)
                  0.03    0.06    0.72 v _086_/Y (sky130_fd_sc_hd__inv_2)
     2    0.00                           _056_ (net)
                  0.03    0.00    0.72 v _097_/B (sky130_fd_sc_hd__or4b_4)
                  0.14    0.98    1.69 v _097_/X (sky130_fd_sc_hd__or4b_4)
     1    0.00                           _066_ (net)
                  0.14    0.00    1.69 v _101_/C (sky130_fd_sc_hd__or4_4)
                  0.18    1.03    2.72 v _101_/X (sky130_fd_sc_hd__or4_4)
     3    0.01                           _070_ (net)
                  0.18    0.00    2.72 v _102_/A (sky130_fd_sc_hd__inv_2)
                  0.10    0.16    2.88 ^ _102_/Y (sky130_fd_sc_hd__inv_2)
     3    0.01                           _071_ (net)
                  0.10    0.00    2.88 ^ _117_/C (sky130_fd_sc_hd__and3_1)
                  0.06    0.28    3.16 ^ _117_/X (sky130_fd_sc_hd__and3_1)
     4    0.00                           _078_ (net)
                  0.06    0.00    3.16 ^ _119_/B (sky130_fd_sc_hd__nand2_1)
                  0.12    0.14    3.30 v _119_/Y (sky130_fd_sc_hd__nand2_1)
     2    0.01                           _080_ (net)
                  0.12    0.00    3.30 v _120_/B2 (sky130_fd_sc_hd__a32o_1)
                  0.07    0.39    3.69 v _120_/X (sky130_fd_sc_hd__a32o_1)
     1    0.00                           _022_ (net)
                  0.07    0.00    3.69 v _181_/D (sky130_fd_sc_hd__dfxtp_1)
                                  3.69   data arrival time

                  0.00    6.66    6.66   clock clk (rise edge)
                          0.00    6.66   clock network delay (ideal)
                          0.00    6.66   clock reconvergence pessimism
                                  6.66 ^ _181_/CLK (sky130_fd_sc_hd__dfxtp_1)
                         -0.29    6.37   library setup time
                                  6.37   data required time
-----------------------------------------------------------------------------
                                  6.37   data required time
                                 -3.69   data arrival time
-----------------------------------------------------------------------------
                                  2.69   slack (MET)


