#! /usr/local/bin/vvp
:ivl_version "12.0 (devel)" "(s20150603-1120-gd8cb29f6)";
:ivl_delay_selection "TYPICAL";
:vpi_time_precision - 9;
:vpi_module "/usr/local/lib/ivl/system.vpi";
:vpi_module "/usr/local/lib/ivl/vhdl_sys.vpi";
:vpi_module "/usr/local/lib/ivl/vhdl_textio.vpi";
:vpi_module "/usr/local/lib/ivl/v2005_math.vpi";
:vpi_module "/usr/local/lib/ivl/va_math.vpi";
S_0x563c26c77860 .scope module, "transmitter" "transmitter" 2 2;
 .timescale -9 -9;
    .port_info 0 /INPUT 4 "sampling_pulse";
    .port_info 1 /INPUT 1 "the_new_generated_clock";
    .port_info 2 /INPUT 32 "Transmitter_Holding_Register";
    .port_info 3 /INPUT 32 "Transmitter_Status";
    .port_info 4 /OUTPUT 1 "TX";
P_0x563c26c779f0 .param/l "IDLE" 0 2 4, C4<00001>;
P_0x563c26c77a30 .param/l "data_bits" 0 2 6, C4<00100>;
P_0x563c26c77a70 .param/l "eight_data_bits" 0 2 12, C4<1000>;
P_0x563c26c77ab0 .param/l "five_data_bits" 0 2 9, C4<0101>;
P_0x563c26c77af0 .param/l "nine_data_bits" 0 2 13, C4<1001>;
P_0x563c26c77b30 .param/l "no_parity" 0 2 14, C4<0>;
P_0x563c26c77b70 .param/l "one_parity" 0 2 15, C4<1>;
P_0x563c26c77bb0 .param/l "one_stop_bit" 0 2 16, C4<01>;
P_0x563c26c77bf0 .param/l "parity_bit" 0 2 7, C4<01000>;
P_0x563c26c77c30 .param/l "seven_data_bits" 0 2 11, C4<0111>;
P_0x563c26c77c70 .param/l "six_data_bits" 0 2 10, C4<0110>;
P_0x563c26c77cb0 .param/l "start_bit" 0 2 5, C4<00010>;
P_0x563c26c77cf0 .param/l "stop_bit" 0 2 8, C4<10000>;
P_0x563c26c77d30 .param/l "two_stop_bits" 0 2 17, C4<10>;
v0x563c26c80af0_0 .var "TX", 0 0;
o0x7fd787ba3048 .functor BUFZ 32, C4<zzzzzzzzzzzzzzzzzzzzzzzzzzzzzzzz>; HiZ drive
v0x563c26c80990_0 .net "Transmitter_Holding_Register", 31 0, o0x7fd787ba3048;  0 drivers
o0x7fd787ba3078 .functor BUFZ 32, C4<zzzzzzzzzzzzzzzzzzzzzzzzzzzzzzzz>; HiZ drive
v0x563c26c80830_0 .net "Transmitter_Status", 31 0, o0x7fd787ba3078;  0 drivers
v0x563c26c802b0_0 .net "UART_STA_TX", 0 0, L_0x563c26cb1dd0;  1 drivers
v0x563c26c806d0_0 .net *"_ivl_7", 1 0, L_0x563c26cb1fb0;  1 drivers
v0x563c26c7fe90_0 .var "current_state", 4 0;
v0x563c26c6fe20_0 .net "data_bits_controlling_signals", 3 0, L_0x563c26cb1e70;  1 drivers
v0x563c26cb1690_0 .var "index", 3 0;
v0x563c26cb1770_0 .var "next_state", 4 0;
v0x563c26cb1850_0 .var "number_of_data_bits", 3 0;
v0x563c26cb1930_0 .net "parity_contrlling_signals", 0 0, L_0x563c26cb1f10;  1 drivers
o0x7fd787ba3228 .functor BUFZ 4, C4<zzzz>; HiZ drive
v0x563c26cb19f0_0 .net "sampling_pulse", 3 0, o0x7fd787ba3228;  0 drivers
v0x563c26cb1ad0_0 .net "stop_controlling_signals", 0 0, L_0x563c26cb2080;  1 drivers
v0x563c26cb1b90_0 .var "temp", 1 0;
o0x7fd787ba32b8 .functor BUFZ 1, C4<z>; HiZ drive
v0x563c26cb1c70_0 .net "the_new_generated_clock", 0 0, o0x7fd787ba32b8;  0 drivers
E_0x563c26c83350 .event anyedge, v0x563c26cb19f0_0;
L_0x563c26cb1dd0 .part o0x7fd787ba3078, 0, 1;
L_0x563c26cb1e70 .part o0x7fd787ba3078, 1, 4;
L_0x563c26cb1f10 .part o0x7fd787ba3078, 5, 1;
L_0x563c26cb1fb0 .part o0x7fd787ba3078, 6, 2;
L_0x563c26cb2080 .part L_0x563c26cb1fb0, 0, 1;
    .scope S_0x563c26c77860;
T_0 ;
    %pushi/vec4 0, 0, 4;
    %store/vec4 v0x563c26cb1690_0, 0, 4;
    %pushi/vec4 0, 0, 2;
    %store/vec4 v0x563c26cb1b90_0, 0, 2;
    %pushi/vec4 0, 0, 4;
    %store/vec4 v0x563c26cb1850_0, 0, 4;
    %end;
    .thread T_0;
    .scope S_0x563c26c77860;
T_1 ;
    %wait E_0x563c26c83350;
    %load/vec4 v0x563c26c802b0_0;
    %nor/r;
    %flag_set/vec4 8;
    %jmp/0xz  T_1.0, 8;
    %pushi/vec4 1, 0, 5;
    %assign/vec4 v0x563c26c7fe90_0, 0;
    %jmp T_1.1;
T_1.0 ;
    %pushi/vec4 2, 0, 5;
    %assign/vec4 v0x563c26c7fe90_0, 0;
T_1.1 ;
    %jmp T_1;
    .thread T_1, $push;
    .scope S_0x563c26c77860;
T_2 ;
    %wait E_0x563c26c83350;
    %load/vec4 v0x563c26c7fe90_0;
    %dup/vec4;
    %pushi/vec4 1, 0, 5;
    %cmp/u;
    %jmp/1 T_2.0, 6;
    %dup/vec4;
    %pushi/vec4 2, 0, 5;
    %cmp/u;
    %jmp/1 T_2.1, 6;
    %dup/vec4;
    %pushi/vec4 4, 0, 5;
    %cmp/u;
    %jmp/1 T_2.2, 6;
    %dup/vec4;
    %pushi/vec4 8, 0, 5;
    %cmp/u;
    %jmp/1 T_2.3, 6;
    %dup/vec4;
    %pushi/vec4 16, 0, 5;
    %cmp/u;
    %jmp/1 T_2.4, 6;
    %jmp T_2.5;
T_2.0 ;
    %pushi/vec4 1, 0, 1;
    %store/vec4 v0x563c26c80af0_0, 0, 1;
    %load/vec4 v0x563c26c802b0_0;
    %nor/r;
    %flag_set/vec4 8;
    %jmp/0xz  T_2.6, 8;
    %pushi/vec4 1, 0, 5;
    %assign/vec4 v0x563c26cb1770_0, 0;
    %jmp T_2.7;
T_2.6 ;
    %pushi/vec4 2, 0, 5;
    %assign/vec4 v0x563c26cb1770_0, 0;
T_2.7 ;
    %jmp T_2.5;
T_2.1 ;
    %load/vec4 v0x563c26cb19f0_0;
    %cmpi/e 8, 0, 4;
    %jmp/0xz  T_2.8, 4;
    %pushi/vec4 0, 0, 1;
    %store/vec4 v0x563c26c80af0_0, 0, 1;
    %pushi/vec4 4, 0, 5;
    %store/vec4 v0x563c26cb1770_0, 0, 5;
    %jmp T_2.9;
T_2.8 ;
    %pushi/vec4 2, 0, 5;
    %store/vec4 v0x563c26cb1770_0, 0, 5;
T_2.9 ;
    %jmp T_2.5;
T_2.2 ;
    %load/vec4 v0x563c26cb19f0_0;
    %cmpi/e 8, 0, 4;
    %jmp/0xz  T_2.10, 4;
    %load/vec4 v0x563c26c6fe20_0;
    %cmpi/e 5, 0, 4;
    %jmp/0xz  T_2.12, 4;
    %load/vec4 v0x563c26cb1690_0;
    %cmpi/u 5, 0, 4;
    %jmp/0xz  T_2.14, 5;
    %load/vec4 v0x563c26c80990_0;
    %load/vec4 v0x563c26cb1690_0;
    %part/u 1;
    %assign/vec4 v0x563c26c80af0_0, 0;
    %load/vec4 v0x563c26cb1690_0;
    %addi 1, 0, 4;
    %assign/vec4 v0x563c26cb1690_0, 0;
    %pushi/vec4 4, 0, 5;
    %assign/vec4 v0x563c26cb1770_0, 0;
    %jmp T_2.15;
T_2.14 ;
    %pushi/vec4 8, 0, 5;
    %assign/vec4 v0x563c26cb1770_0, 0;
T_2.15 ;
    %jmp T_2.13;
T_2.12 ;
    %load/vec4 v0x563c26c6fe20_0;
    %cmpi/e 6, 0, 4;
    %jmp/0xz  T_2.16, 4;
    %load/vec4 v0x563c26cb1690_0;
    %cmpi/u 6, 0, 4;
    %jmp/0xz  T_2.18, 5;
    %load/vec4 v0x563c26c80990_0;
    %load/vec4 v0x563c26cb1690_0;
    %part/u 1;
    %assign/vec4 v0x563c26c80af0_0, 0;
    %load/vec4 v0x563c26cb1690_0;
    %addi 1, 0, 4;
    %assign/vec4 v0x563c26cb1690_0, 0;
    %pushi/vec4 4, 0, 5;
    %assign/vec4 v0x563c26cb1770_0, 0;
    %jmp T_2.19;
T_2.18 ;
    %pushi/vec4 8, 0, 5;
    %assign/vec4 v0x563c26cb1770_0, 0;
T_2.19 ;
    %jmp T_2.17;
T_2.16 ;
    %load/vec4 v0x563c26c6fe20_0;
    %cmpi/e 7, 0, 4;
    %jmp/0xz  T_2.20, 4;
    %load/vec4 v0x563c26cb1690_0;
    %cmpi/u 7, 0, 4;
    %jmp/0xz  T_2.22, 5;
    %load/vec4 v0x563c26c80990_0;
    %load/vec4 v0x563c26cb1690_0;
    %part/u 1;
    %assign/vec4 v0x563c26c80af0_0, 0;
    %load/vec4 v0x563c26cb1690_0;
    %addi 1, 0, 4;
    %assign/vec4 v0x563c26cb1690_0, 0;
    %pushi/vec4 4, 0, 5;
    %assign/vec4 v0x563c26cb1770_0, 0;
    %jmp T_2.23;
T_2.22 ;
    %pushi/vec4 8, 0, 5;
    %assign/vec4 v0x563c26cb1770_0, 0;
T_2.23 ;
    %jmp T_2.21;
T_2.20 ;
    %load/vec4 v0x563c26c6fe20_0;
    %cmpi/e 8, 0, 4;
    %jmp/0xz  T_2.24, 4;
    %load/vec4 v0x563c26cb1690_0;
    %cmpi/u 8, 0, 4;
    %jmp/0xz  T_2.26, 5;
    %load/vec4 v0x563c26c80990_0;
    %load/vec4 v0x563c26cb1690_0;
    %part/u 1;
    %assign/vec4 v0x563c26c80af0_0, 0;
    %load/vec4 v0x563c26cb1690_0;
    %addi 1, 0, 4;
    %assign/vec4 v0x563c26cb1690_0, 0;
    %pushi/vec4 4, 0, 5;
    %assign/vec4 v0x563c26cb1770_0, 0;
    %jmp T_2.27;
T_2.26 ;
    %pushi/vec4 8, 0, 5;
    %assign/vec4 v0x563c26cb1770_0, 0;
T_2.27 ;
    %jmp T_2.25;
T_2.24 ;
    %load/vec4 v0x563c26c6fe20_0;
    %cmpi/e 9, 0, 4;
    %jmp/0xz  T_2.28, 4;
    %load/vec4 v0x563c26cb1690_0;
    %cmpi/u 9, 0, 4;
    %jmp/0xz  T_2.30, 5;
    %load/vec4 v0x563c26c80990_0;
    %load/vec4 v0x563c26cb1690_0;
    %part/u 1;
    %assign/vec4 v0x563c26c80af0_0, 0;
    %load/vec4 v0x563c26cb1690_0;
    %addi 1, 0, 4;
    %assign/vec4 v0x563c26cb1690_0, 0;
    %pushi/vec4 4, 0, 5;
    %assign/vec4 v0x563c26cb1770_0, 0;
    %jmp T_2.31;
T_2.30 ;
    %pushi/vec4 8, 0, 5;
    %assign/vec4 v0x563c26cb1770_0, 0;
T_2.31 ;
    %jmp T_2.29;
T_2.28 ;
    %pushi/vec4 1, 0, 5;
    %assign/vec4 v0x563c26cb1770_0, 0;
T_2.29 ;
T_2.25 ;
T_2.21 ;
T_2.17 ;
T_2.13 ;
    %jmp T_2.11;
T_2.10 ;
    %pushi/vec4 4, 0, 5;
    %assign/vec4 v0x563c26cb1770_0, 0;
T_2.11 ;
    %jmp T_2.5;
T_2.3 ;
    %load/vec4 v0x563c26cb19f0_0;
    %cmpi/e 8, 0, 4;
    %jmp/0xz  T_2.32, 4;
    %load/vec4 v0x563c26cb1930_0;
    %cmpi/e 0, 0, 1;
    %jmp/0xz  T_2.34, 4;
    %pushi/vec4 16, 0, 5;
    %assign/vec4 v0x563c26cb1770_0, 0;
    %jmp T_2.35;
T_2.34 ;
    %load/vec4 v0x563c26c6fe20_0;
    %cmpi/e 5, 0, 4;
    %jmp/0xz  T_2.36, 4;
    %load/vec4 v0x563c26c80990_0;
    %parti/s 5, 0, 2;
    %xor/r;
    %assign/vec4 v0x563c26c80af0_0, 0;
    %pushi/vec4 16, 0, 5;
    %assign/vec4 v0x563c26cb1770_0, 0;
    %jmp T_2.37;
T_2.36 ;
    %load/vec4 v0x563c26c6fe20_0;
    %cmpi/e 6, 0, 4;
    %jmp/0xz  T_2.38, 4;
    %load/vec4 v0x563c26c80990_0;
    %parti/s 6, 0, 2;
    %xor/r;
    %assign/vec4 v0x563c26c80af0_0, 0;
    %pushi/vec4 16, 0, 5;
    %assign/vec4 v0x563c26cb1770_0, 0;
    %jmp T_2.39;
T_2.38 ;
    %load/vec4 v0x563c26c6fe20_0;
    %cmpi/e 7, 0, 4;
    %jmp/0xz  T_2.40, 4;
    %load/vec4 v0x563c26c80990_0;
    %parti/s 7, 0, 2;
    %xor/r;
    %assign/vec4 v0x563c26c80af0_0, 0;
    %pushi/vec4 16, 0, 5;
    %assign/vec4 v0x563c26cb1770_0, 0;
    %jmp T_2.41;
T_2.40 ;
    %load/vec4 v0x563c26c6fe20_0;
    %cmpi/e 8, 0, 4;
    %jmp/0xz  T_2.42, 4;
    %load/vec4 v0x563c26c80990_0;
    %parti/s 8, 0, 2;
    %xor/r;
    %assign/vec4 v0x563c26c80af0_0, 0;
    %pushi/vec4 16, 0, 5;
    %assign/vec4 v0x563c26cb1770_0, 0;
    %jmp T_2.43;
T_2.42 ;
    %load/vec4 v0x563c26c6fe20_0;
    %cmpi/e 9, 0, 4;
    %jmp/0xz  T_2.44, 4;
    %load/vec4 v0x563c26c80990_0;
    %parti/s 9, 0, 2;
    %xor/r;
    %assign/vec4 v0x563c26c80af0_0, 0;
    %pushi/vec4 16, 0, 5;
    %assign/vec4 v0x563c26cb1770_0, 0;
    %jmp T_2.45;
T_2.44 ;
    %pushi/vec4 1, 0, 5;
    %store/vec4 v0x563c26cb1770_0, 0, 5;
T_2.45 ;
T_2.43 ;
T_2.41 ;
T_2.39 ;
T_2.37 ;
T_2.35 ;
    %jmp T_2.33;
T_2.32 ;
    %pushi/vec4 8, 0, 5;
    %assign/vec4 v0x563c26cb1770_0, 0;
T_2.33 ;
    %jmp T_2.5;
T_2.4 ;
    %load/vec4 v0x563c26cb19f0_0;
    %cmpi/e 8, 0, 4;
    %jmp/0xz  T_2.46, 4;
    %load/vec4 v0x563c26cb1ad0_0;
    %pad/u 2;
    %cmpi/e 1, 0, 2;
    %jmp/0xz  T_2.48, 4;
    %pushi/vec4 1, 0, 1;
    %assign/vec4 v0x563c26c80af0_0, 0;
    %pushi/vec4 1, 0, 5;
    %assign/vec4 v0x563c26cb1770_0, 0;
    %jmp T_2.49;
T_2.48 ;
    %load/vec4 v0x563c26cb1ad0_0;
    %pad/u 2;
    %cmpi/e 2, 0, 2;
    %jmp/0xz  T_2.50, 4;
    %load/vec4 v0x563c26cb1b90_0;
    %cmpi/u 2, 0, 2;
    %jmp/0xz  T_2.52, 5;
    %pushi/vec4 1, 0, 1;
    %assign/vec4 v0x563c26c80af0_0, 0;
    %load/vec4 v0x563c26cb1b90_0;
    %addi 1, 0, 2;
    %assign/vec4 v0x563c26cb1b90_0, 0;
    %pushi/vec4 16, 0, 5;
    %assign/vec4 v0x563c26cb1770_0, 0;
    %jmp T_2.53;
T_2.52 ;
    %pushi/vec4 1, 0, 5;
    %assign/vec4 v0x563c26cb1770_0, 0;
T_2.53 ;
    %jmp T_2.51;
T_2.50 ;
    %pushi/vec4 1, 0, 5;
    %assign/vec4 v0x563c26cb1770_0, 0;
T_2.51 ;
T_2.49 ;
    %jmp T_2.47;
T_2.46 ;
    %pushi/vec4 16, 0, 5;
    %assign/vec4 v0x563c26cb1770_0, 0;
T_2.47 ;
    %jmp T_2.5;
T_2.5 ;
    %pop/vec4 1;
    %jmp T_2;
    .thread T_2, $push;
# The file index is used to find the file name in the following table.
:file_names 3;
    "N/A";
    "<interactive>";
    "transmitter.v";
