#! /usr/local/bin/vvp
:ivl_version "12.0 (devel)" "(s20150603-1120-gd8cb29f6)";
:ivl_delay_selection "TYPICAL";
:vpi_time_precision - 9;
:vpi_module "/usr/local/lib/ivl/system.vpi";
:vpi_module "/usr/local/lib/ivl/vhdl_sys.vpi";
:vpi_module "/usr/local/lib/ivl/vhdl_textio.vpi";
:vpi_module "/usr/local/lib/ivl/v2005_math.vpi";
:vpi_module "/usr/local/lib/ivl/va_math.vpi";
S_0x558b9fc03260 .scope module, "uart_baud_generator_tb" "uart_baud_generator_tb" 2 2;
 .timescale -9 -9;
P_0x558b9fbecc10 .param/l "delay" 0 2 6, +C4<00000000000000000000000000000000>;
P_0x558b9fbecc50 .param/l "period" 0 2 5, +C4<00000000000000000000000000001010>;
v0x558b9fc1a880_0 .var "Baud_Rate_Holding_Register", 31 0;
v0x558b9fc1a960_0 .var "clk", 0 0;
v0x558b9fc1aa30_0 .var "clock_frequency_register", 31 0;
v0x558b9fc1ab30_0 .var "rst", 0 0;
v0x558b9fc1ac00_0 .net "sampling_pulse", 3 0, v0x558b9fc1a620_0;  1 drivers
S_0x558b9fc034c0 .scope module, "u1" "uart_baud_generator2" 2 14, 3 2 0, S_0x558b9fc03260;
 .timescale -9 -9;
    .port_info 0 /INPUT 1 "clk";
    .port_info 1 /INPUT 1 "rst";
    .port_info 2 /INPUT 32 "Baud_Rate_Holding_Register";
    .port_info 3 /INPUT 32 "clock_frequency_register";
    .port_info 4 /OUTPUT 4 "sampling_pulse";
P_0x558b9fbc3f90 .param/l "Divisor_Logic" 0 3 6, C4<100>;
P_0x558b9fbc3fd0 .param/l "IDLE" 0 3 4, C4<001>;
P_0x558b9fbc4010 .param/l "Sampling_Pulse_Generation_Logic" 0 3 5, C4<010>;
v0x558b9fbea9a0_0 .net "Baud_Rate_Holding_Register", 31 0, v0x558b9fc1a880_0;  1 drivers
v0x558b9fc19f30_0 .net "clk", 0 0, v0x558b9fc1a960_0;  1 drivers
v0x558b9fc19ff0_0 .net "clock_frequency_register", 31 0, v0x558b9fc1aa30_0;  1 drivers
v0x558b9fc1a0b0_0 .var "counter", 31 0;
v0x558b9fc1a190_0 .var "current_state", 2 0;
v0x558b9fc1a2c0_0 .var "divisor", 13 0;
v0x558b9fc1a3a0_0 .var "divisor_count", 13 0;
v0x558b9fc1a480_0 .var "number_of_pulses_per_bit", 13 0;
v0x558b9fc1a560_0 .net "rst", 0 0, v0x558b9fc1ab30_0;  1 drivers
v0x558b9fc1a620_0 .var "sampling_pulse", 3 0;
v0x558b9fc1a700_0 .var "the_Baud_Rate_counter", 31 0;
E_0x558b9fbfb120 .event posedge, v0x558b9fc19f30_0;
E_0x558b9fbfb880/0 .event negedge, v0x558b9fc1a560_0;
E_0x558b9fbfb880/1 .event posedge, v0x558b9fc19f30_0;
E_0x558b9fbfb880 .event/or E_0x558b9fbfb880/0, E_0x558b9fbfb880/1;
    .scope S_0x558b9fc034c0;
T_0 ;
    %pushi/vec4 0, 0, 4;
    %store/vec4 v0x558b9fc1a620_0, 0, 4;
    %pushi/vec4 0, 0, 32;
    %store/vec4 v0x558b9fc1a700_0, 0, 32;
    %pushi/vec4 0, 0, 14;
    %store/vec4 v0x558b9fc1a480_0, 0, 14;
    %pushi/vec4 0, 0, 14;
    %store/vec4 v0x558b9fc1a2c0_0, 0, 14;
    %pushi/vec4 0, 0, 14;
    %store/vec4 v0x558b9fc1a3a0_0, 0, 14;
    %pushi/vec4 0, 0, 32;
    %store/vec4 v0x558b9fc1a0b0_0, 0, 32;
    %end;
    .thread T_0;
    .scope S_0x558b9fc034c0;
T_1 ;
    %wait E_0x558b9fbfb880;
    %load/vec4 v0x558b9fc1a560_0;
    %nor/r;
    %flag_set/vec4 8;
    %jmp/0xz  T_1.0, 8;
    %pushi/vec4 1, 0, 3;
    %store/vec4 v0x558b9fc1a190_0, 0, 3;
    %jmp T_1.1;
T_1.0 ;
    %pushi/vec4 2, 0, 3;
    %store/vec4 v0x558b9fc1a190_0, 0, 3;
T_1.1 ;
    %jmp T_1;
    .thread T_1;
    .scope S_0x558b9fc034c0;
T_2 ;
    %wait E_0x558b9fbfb120;
    %load/vec4 v0x558b9fc1a190_0;
    %dup/vec4;
    %pushi/vec4 1, 0, 3;
    %cmp/u;
    %jmp/1 T_2.0, 6;
    %dup/vec4;
    %pushi/vec4 2, 0, 3;
    %cmp/u;
    %jmp/1 T_2.1, 6;
    %dup/vec4;
    %pushi/vec4 4, 0, 3;
    %cmp/u;
    %jmp/1 T_2.2, 6;
    %pushi/vec4 1, 0, 3;
    %store/vec4 v0x558b9fc1a190_0, 0, 3;
    %jmp T_2.4;
T_2.0 ;
    %pushi/vec4 0, 0, 4;
    %store/vec4 v0x558b9fc1a620_0, 0, 4;
    %jmp T_2.4;
T_2.1 ;
    %load/vec4 v0x558b9fc1a0b0_0;
    %load/vec4 v0x558b9fc19ff0_0;
    %subi 1, 0, 32;
    %cmp/u;
    %jmp/0xz  T_2.5, 5;
    %load/vec4 v0x558b9fc1a0b0_0;
    %addi 1, 0, 32;
    %assign/vec4 v0x558b9fc1a0b0_0, 0;
    %load/vec4 v0x558b9fc1a700_0;
    %load/vec4 v0x558b9fbea9a0_0;
    %cmp/e;
    %jmp/0xz  T_2.7, 4;
    %load/vec4 v0x558b9fc1a480_0;
    %addi 1, 0, 14;
    %assign/vec4 v0x558b9fc1a480_0, 0;
    %vpi_call 3 57 "$monitor", "number_of_pulses_per_bit = %d, counter = %d, clock_frequency_register = %d, sampling_pulse = %b \012", v0x558b9fc1a480_0, v0x558b9fc1a0b0_0, v0x558b9fc19ff0_0, v0x558b9fc1a620_0 {0 0 0};
    %jmp T_2.8;
T_2.7 ;
    %load/vec4 v0x558b9fc1a700_0;
    %addi 1, 0, 32;
    %assign/vec4 v0x558b9fc1a700_0, 0;
T_2.8 ;
    %jmp T_2.6;
T_2.5 ;
    %pushi/vec4 4, 0, 3;
    %assign/vec4 v0x558b9fc1a190_0, 0;
T_2.6 ;
    %jmp T_2.4;
T_2.2 ;
    %load/vec4 v0x558b9fc1a3a0_0;
    %load/vec4 v0x558b9fc1a480_0;
    %cmp/e;
    %jmp/0xz  T_2.9, 4;
    %load/vec4 v0x558b9fc1a620_0;
    %addi 1, 0, 4;
    %assign/vec4 v0x558b9fc1a620_0, 0;
    %pushi/vec4 0, 0, 14;
    %store/vec4 v0x558b9fc1a3a0_0, 0, 14;
    %jmp T_2.10;
T_2.9 ;
    %load/vec4 v0x558b9fc1a3a0_0;
    %addi 1, 0, 14;
    %assign/vec4 v0x558b9fc1a3a0_0, 0;
T_2.10 ;
    %jmp T_2.4;
T_2.4 ;
    %pop/vec4 1;
    %jmp T_2;
    .thread T_2;
    .scope S_0x558b9fc03260;
T_3 ;
    %pushi/vec4 1, 0, 1;
    %store/vec4 v0x558b9fc1a960_0, 0, 1;
    %end;
    .thread T_3;
    .scope S_0x558b9fc03260;
T_4 ;
    %delay 5, 0;
    %load/vec4 v0x558b9fc1a960_0;
    %inv;
    %assign/vec4 v0x558b9fc1a960_0, 0;
    %jmp T_4;
    .thread T_4;
    .scope S_0x558b9fc03260;
T_5 ;
    %pushi/vec4 1, 0, 1;
    %store/vec4 v0x558b9fc1ab30_0, 0, 1;
    %pushi/vec4 9600, 0, 32;
    %store/vec4 v0x558b9fc1a880_0, 0, 32;
    %pushi/vec4 100000000, 0, 32;
    %store/vec4 v0x558b9fc1aa30_0, 0, 32;
    %end;
    .thread T_5;
    .scope S_0x558b9fc03260;
T_6 ;
    %wait E_0x558b9fbfb120;
    %load/vec4 v0x558b9fc1ac00_0;
    %cmpi/e 8, 0, 4;
    %jmp/0xz  T_6.0, 4;
    %vpi_call 2 38 "$finish" {0 0 0};
T_6.0 ;
    %jmp T_6;
    .thread T_6;
# The file index is used to find the file name in the following table.
:file_names 4;
    "N/A";
    "<interactive>";
    "baud_rate_generator_block_tb.v";
    "baud_rate_generator_block.v";
