#! /usr/local/bin/vvp
:ivl_version "12.0 (devel)" "(s20150603-1120-gd8cb29f6)";
:ivl_delay_selection "TYPICAL";
:vpi_time_precision - 9;
:vpi_module "/usr/local/lib/ivl/system.vpi";
:vpi_module "/usr/local/lib/ivl/vhdl_sys.vpi";
:vpi_module "/usr/local/lib/ivl/vhdl_textio.vpi";
:vpi_module "/usr/local/lib/ivl/v2005_math.vpi";
:vpi_module "/usr/local/lib/ivl/va_math.vpi";
S_0x55b3a2876da0 .scope module, "uart_baud_clk_tb" "uart_baud_clk_tb" 2 2;
 .timescale -9 -9;
P_0x55b3a2876f30 .param/l "period" 0 2 12, +C4<00000000000000000000000000001010>;
v0x55b3a28d5cb0_0 .var "Baud_Rate", 16 0;
v0x55b3a28d5d90_0 .var "clk", 0 0;
v0x55b3a28d5e60_0 .var "rst", 0 0;
v0x55b3a28d5f60_0 .net "tick", 3 0, v0x55b3a28d5a50_0;  1 drivers
v0x55b3a28d6030_0 .net "tick_spike", 3 0, v0x55b3a28d5b30_0;  1 drivers
E_0x55b3a28ba340 .event anyedge, v0x55b3a28d5b30_0;
S_0x55b3a2876fd0 .scope module, "uart_tb" "uart_baud_generator" 2 15, 3 2 0, S_0x55b3a2876da0;
 .timescale -9 -9;
    .port_info 0 /INPUT 1 "clk";
    .port_info 1 /INPUT 1 "rst";
    .port_info 2 /INPUT 17 "Baud_Rate";
    .port_info 3 /OUTPUT 4 "tick";
    .port_info 4 /OUTPUT 4 "tick_spike";
P_0x55b3a2877870 .param/l "clock_frequency" 0 3 4, C4<00000101111101011110000100000000>;
v0x55b3a28a4930_0 .net "Baud_Rate", 16 0, v0x55b3a28d5cb0_0;  1 drivers
v0x55b3a28d56b0_0 .var "acc", 13 0;
v0x55b3a28d5790_0 .net "clk", 0 0, v0x55b3a28d5d90_0;  1 drivers
v0x55b3a28d5860_0 .var "count", 13 0;
v0x55b3a28d5940_0 .net "rst", 0 0, v0x55b3a28d5e60_0;  1 drivers
v0x55b3a28d5a50_0 .var "tick", 3 0;
v0x55b3a28d5b30_0 .var "tick_spike", 3 0;
E_0x55b3a28b96a0/0 .event anyedge, v0x55b3a28a4930_0;
E_0x55b3a28b96a0/1 .event posedge, v0x55b3a28d5790_0;
E_0x55b3a28b96a0 .event/or E_0x55b3a28b96a0/0, E_0x55b3a28b96a0/1;
E_0x55b3a28b9ca0/0 .event negedge, v0x55b3a28d5940_0;
E_0x55b3a28b9ca0/1 .event posedge, v0x55b3a28d5790_0;
E_0x55b3a28b9ca0 .event/or E_0x55b3a28b9ca0/0, E_0x55b3a28b9ca0/1;
E_0x55b3a28b9ff0 .event posedge, v0x55b3a28d5790_0;
E_0x55b3a2899c60 .event anyedge, v0x55b3a28a4930_0;
    .scope S_0x55b3a2876fd0;
T_0 ;
    %pushi/vec4 0, 0, 14;
    %store/vec4 v0x55b3a28d5860_0, 0, 14;
    %pushi/vec4 0, 0, 4;
    %store/vec4 v0x55b3a28d5a50_0, 0, 4;
    %pushi/vec4 0, 0, 4;
    %store/vec4 v0x55b3a28d5b30_0, 0, 4;
    %pushi/vec4 0, 0, 14;
    %store/vec4 v0x55b3a28d56b0_0, 0, 14;
    %end;
    .thread T_0;
    .scope S_0x55b3a2876fd0;
T_1 ;
    %wait E_0x55b3a2899c60;
    %pushi/vec4 0, 0, 4;
    %store/vec4 v0x55b3a28d5a50_0, 0, 4;
    %pushi/vec4 0, 0, 4;
    %store/vec4 v0x55b3a28d5b30_0, 0, 4;
    %jmp T_1;
    .thread T_1, $push;
    .scope S_0x55b3a2876fd0;
T_2 ;
    %wait E_0x55b3a28b9ff0;
    %load/vec4 v0x55b3a28d5b30_0;
    %cmpi/u 10, 0, 4;
    %flag_or 5, 4; GT is !LE
    %flag_inv 5;
    %jmp/0xz  T_2.0, 5;
    %pushi/vec4 0, 0, 4;
    %store/vec4 v0x55b3a28d5b30_0, 0, 4;
T_2.0 ;
    %jmp T_2;
    .thread T_2;
    .scope S_0x55b3a2876fd0;
T_3 ;
    %wait E_0x55b3a28b9ca0;
    %load/vec4 v0x55b3a28d5940_0;
    %nor/r;
    %flag_set/vec4 8;
    %jmp/0xz  T_3.0, 8;
    %pushi/vec4 0, 0, 4;
    %store/vec4 v0x55b3a28d5a50_0, 0, 4;
    %pushi/vec4 0, 0, 14;
    %store/vec4 v0x55b3a28d5860_0, 0, 14;
    %jmp T_3.1;
T_3.0 ;
    %load/vec4 v0x55b3a28d5860_0;
    %load/vec4 v0x55b3a28d56b0_0;
    %cmp/e;
    %jmp/0xz  T_3.2, 4;
    %load/vec4 v0x55b3a28d5a50_0;
    %addi 1, 0, 4;
    %assign/vec4 v0x55b3a28d5a50_0, 0;
    %load/vec4 v0x55b3a28d5a50_0;
    %cmpi/e 7, 0, 4;
    %jmp/0xz  T_3.4, 4;
    %load/vec4 v0x55b3a28d5b30_0;
    %addi 1, 0, 4;
    %assign/vec4 v0x55b3a28d5b30_0, 0;
T_3.4 ;
    %pushi/vec4 0, 0, 14;
    %store/vec4 v0x55b3a28d5860_0, 0, 14;
    %vpi_call 3 76 "$monitor", "time = %t, tick = %b, tick_spike = %b, Baud_Rate = %d \012", $time, v0x55b3a28d5a50_0, v0x55b3a28d5b30_0, v0x55b3a28a4930_0 {0 0 0};
    %jmp T_3.3;
T_3.2 ;
    %load/vec4 v0x55b3a28d5860_0;
    %addi 1, 0, 14;
    %assign/vec4 v0x55b3a28d5860_0, 0;
T_3.3 ;
T_3.1 ;
    %jmp T_3;
    .thread T_3;
    .scope S_0x55b3a2876fd0;
T_4 ;
    %wait E_0x55b3a28b96a0;
    %load/vec4 v0x55b3a28a4930_0;
    %dup/vec4;
    %pushi/vec4 1200, 0, 17;
    %cmp/u;
    %jmp/1 T_4.0, 6;
    %dup/vec4;
    %pushi/vec4 2400, 0, 17;
    %cmp/u;
    %jmp/1 T_4.1, 6;
    %dup/vec4;
    %pushi/vec4 4800, 0, 17;
    %cmp/u;
    %jmp/1 T_4.2, 6;
    %dup/vec4;
    %pushi/vec4 9600, 0, 17;
    %cmp/u;
    %jmp/1 T_4.3, 6;
    %dup/vec4;
    %pushi/vec4 14400, 0, 17;
    %cmp/u;
    %jmp/1 T_4.4, 6;
    %dup/vec4;
    %pushi/vec4 19200, 0, 17;
    %cmp/u;
    %jmp/1 T_4.5, 6;
    %dup/vec4;
    %pushi/vec4 28800, 0, 17;
    %cmp/u;
    %jmp/1 T_4.6, 6;
    %dup/vec4;
    %pushi/vec4 38400, 0, 17;
    %cmp/u;
    %jmp/1 T_4.7, 6;
    %dup/vec4;
    %pushi/vec4 57600, 0, 17;
    %cmp/u;
    %jmp/1 T_4.8, 6;
    %dup/vec4;
    %pushi/vec4 115200, 0, 17;
    %cmp/u;
    %jmp/1 T_4.9, 6;
    %pushi/vec4 650, 0, 14;
    %store/vec4 v0x55b3a28d56b0_0, 0, 14;
    %jmp T_4.11;
T_4.0 ;
    %pushi/vec4 5207, 0, 14;
    %store/vec4 v0x55b3a28d56b0_0, 0, 14;
    %jmp T_4.11;
T_4.1 ;
    %pushi/vec4 2603, 0, 14;
    %store/vec4 v0x55b3a28d56b0_0, 0, 14;
    %jmp T_4.11;
T_4.2 ;
    %pushi/vec4 1301, 0, 14;
    %store/vec4 v0x55b3a28d56b0_0, 0, 14;
    %jmp T_4.11;
T_4.3 ;
    %pushi/vec4 650, 0, 14;
    %store/vec4 v0x55b3a28d56b0_0, 0, 14;
    %jmp T_4.11;
T_4.4 ;
    %pushi/vec4 433, 0, 14;
    %store/vec4 v0x55b3a28d56b0_0, 0, 14;
    %jmp T_4.11;
T_4.5 ;
    %pushi/vec4 325, 0, 14;
    %store/vec4 v0x55b3a28d56b0_0, 0, 14;
    %jmp T_4.11;
T_4.6 ;
    %pushi/vec4 216, 0, 14;
    %store/vec4 v0x55b3a28d56b0_0, 0, 14;
    %jmp T_4.11;
T_4.7 ;
    %pushi/vec4 162, 0, 14;
    %store/vec4 v0x55b3a28d56b0_0, 0, 14;
    %jmp T_4.11;
T_4.8 ;
    %pushi/vec4 108, 0, 14;
    %store/vec4 v0x55b3a28d56b0_0, 0, 14;
    %jmp T_4.11;
T_4.9 ;
    %pushi/vec4 53, 0, 14;
    %store/vec4 v0x55b3a28d56b0_0, 0, 14;
    %jmp T_4.11;
T_4.11 ;
    %pop/vec4 1;
    %jmp T_4;
    .thread T_4;
    .scope S_0x55b3a2876da0;
T_5 ;
    %pushi/vec4 0, 0, 1;
    %store/vec4 v0x55b3a28d5d90_0, 0, 1;
    %pushi/vec4 1, 0, 1;
    %store/vec4 v0x55b3a28d5e60_0, 0, 1;
    %end;
    .thread T_5;
    .scope S_0x55b3a2876da0;
T_6 ;
    %delay 5, 0;
    %pushi/vec4 0, 0, 1;
    %store/vec4 v0x55b3a28d5d90_0, 0, 1;
    %delay 5, 0;
    %pushi/vec4 1, 0, 1;
    %store/vec4 v0x55b3a28d5d90_0, 0, 1;
    %jmp T_6;
    .thread T_6;
    .scope S_0x55b3a2876da0;
T_7 ;
    %wait E_0x55b3a28ba340;
    %load/vec4 v0x55b3a28d6030_0;
    %pushi/vec4 3, 0, 4;
    %cmp/e;
    %flag_get/vec4 4;
    %vpi_func 2 36 "$time" 64 {0 0 0};
    %pushi/vec4 2083200, 0, 64;
    %cmp/e;
    %flag_get/vec4 4;
    %and;
    %flag_set/vec4 8;
    %jmp/0xz  T_7.0, 8;
    %vpi_call 2 37 "$display", "%c[1;34m", 32'sb00000000000000000000000000011011 {0 0 0};
    %vpi_call 2 38 "$display", "PASSED FIRST TEST" {0 0 0};
T_7.0 ;
    %load/vec4 v0x55b3a28d6030_0;
    %cmpi/e 11, 0, 4;
    %jmp/0xz  T_7.2, 4;
    %vpi_call 2 43 "$display", "%c[1;34m", 32'sb00000000000000000000000000011011 {0 0 0};
    %vpi_call 2 44 "$display", "PASSED SECOND TEST" {0 0 0};
T_7.2 ;
    %load/vec4 v0x55b3a28d6030_0;
    %cmpi/e 10, 0, 4;
    %jmp/0xz  T_7.4, 4;
    %vpi_call 2 52 "$display", "%c[1;34m", 32'sb00000000000000000000000000011011 {0 0 0};
    %vpi_call 2 53 "$display", "PASSED THIRD TEST" {0 0 0};
    %vpi_call 2 55 "$finish" {0 0 0};
T_7.4 ;
    %jmp T_7;
    .thread T_7, $push;
    .scope S_0x55b3a2876da0;
T_8 ;
    %pushi/vec4 1200, 0, 17;
    %store/vec4 v0x55b3a28d5cb0_0, 0, 17;
    %vpi_call 2 66 "$display", "Baud_Rate = 1200" {0 0 0};
    %delay 2083210, 0;
    %pushi/vec4 2400, 0, 17;
    %store/vec4 v0x55b3a28d5cb0_0, 0, 17;
    %vpi_call 2 70 "$display", "Baud_Rate = 2400" {0 0 0};
    %delay 6457930, 0;
    %pushi/vec4 4800, 0, 17;
    %store/vec4 v0x55b3a28d5cb0_0, 0, 17;
    %vpi_call 2 74 "$display", "Baud_Rate = 4800" {0 0 0};
    %end;
    .thread T_8;
# The file index is used to find the file name in the following table.
:file_names 4;
    "N/A";
    "<interactive>";
    "uart_baud_clk_test_bench.v";
    "uart_baud_generator.v";
