#! /usr/local/bin/vvp
:ivl_version "12.0 (devel)" "(s20150603-1120-gd8cb29f6)";
:ivl_delay_selection "TYPICAL";
:vpi_time_precision - 9;
:vpi_module "/usr/local/lib/ivl/system.vpi";
:vpi_module "/usr/local/lib/ivl/vhdl_sys.vpi";
:vpi_module "/usr/local/lib/ivl/vhdl_textio.vpi";
:vpi_module "/usr/local/lib/ivl/v2005_math.vpi";
:vpi_module "/usr/local/lib/ivl/va_math.vpi";
S_0x5634f00f4620 .scope module, "transmitter_top_module" "transmitter_top_module" 2 2;
 .timescale -9 -9;
    .port_info 0 /INPUT 1 "clk";
    .port_info 1 /INPUT 32 "Baud_Rate_Holding_Register";
    .port_info 2 /INPUT 32 "Transmitter_Holding_Register";
    .port_info 3 /INPUT 32 "Transmitter_Status";
    .port_info 4 /OUTPUT 1 "TX";
P_0x5634f00f5000 .param/l "clock_frequency_register" 0 2 5, C4<00000101111101011110000100000000>;
o0x7ff107a883d8 .functor BUFZ 32, C4<zzzzzzzzzzzzzzzzzzzzzzzzzzzzzzzz>; HiZ drive
v0x5634f0128b70_0 .net "Baud_Rate_Holding_Register", 31 0, o0x7ff107a883d8;  0 drivers
v0x5634f0128c50_0 .net "TX", 0 0, v0x5634f00dcaf0_0;  1 drivers
o0x7ff107a88048 .functor BUFZ 32, C4<zzzzzzzzzzzzzzzzzzzzzzzzzzzzzzzz>; HiZ drive
v0x5634f0128d20_0 .net "Transmitter_Holding_Register", 31 0, o0x7ff107a88048;  0 drivers
o0x7ff107a88078 .functor BUFZ 32, C4<zzzzzzzzzzzzzzzzzzzzzzzzzzzzzzzz>; HiZ drive
v0x5634f0128e20_0 .net "Transmitter_Status", 31 0, o0x7ff107a88078;  0 drivers
o0x7ff107a88558 .functor BUFZ 1, C4<z>; HiZ drive
v0x5634f0128ef0_0 .net "clk", 0 0, o0x7ff107a88558;  0 drivers
v0x5634f0128f90_0 .net "sampling_pulse", 3 0, v0x5634f01288b0_0;  1 drivers
v0x5634f0129080_0 .net "the_new_generated_clock", 0 0, v0x5634f0128a30_0;  1 drivers
L_0x5634f0139c30 .part o0x7ff107a88078, 0, 1;
S_0x5634f00f4800 .scope module, "u1" "transmitter" 2 17, 3 2 0, S_0x5634f00f4620;
 .timescale -9 -9;
    .port_info 0 /INPUT 4 "sampling_pulse";
    .port_info 1 /INPUT 1 "the_new_generated_clock";
    .port_info 2 /INPUT 32 "Transmitter_Holding_Register";
    .port_info 3 /INPUT 32 "Transmitter_Status";
    .port_info 4 /OUTPUT 1 "TX";
P_0x5634f0101390 .param/l "IDLE" 0 3 4, C4<00001>;
P_0x5634f01013d0 .param/l "data_bits" 0 3 6, C4<00100>;
P_0x5634f0101410 .param/l "eight_data_bits" 0 3 12, C4<1000>;
P_0x5634f0101450 .param/l "five_data_bits" 0 3 9, C4<0101>;
P_0x5634f0101490 .param/l "nine_data_bits" 0 3 13, C4<1001>;
P_0x5634f01014d0 .param/l "no_parity" 0 3 14, C4<0>;
P_0x5634f0101510 .param/l "one_parity" 0 3 15, C4<1>;
P_0x5634f0101550 .param/l "one_stop_bit" 0 3 16, C4<01>;
P_0x5634f0101590 .param/l "parity_bit" 0 3 7, C4<01000>;
P_0x5634f01015d0 .param/l "seven_data_bits" 0 3 11, C4<0111>;
P_0x5634f0101610 .param/l "six_data_bits" 0 3 10, C4<0110>;
P_0x5634f0101650 .param/l "start_bit" 0 3 5, C4<00010>;
P_0x5634f0101690 .param/l "stop_bit" 0 3 8, C4<10000>;
P_0x5634f01016d0 .param/l "two_stop_bits" 0 3 17, C4<10>;
v0x5634f00dcaf0_0 .var "TX", 0 0;
v0x5634f00dc990_0 .net "Transmitter_Holding_Register", 31 0, o0x7ff107a88048;  alias, 0 drivers
v0x5634f00dc830_0 .net "Transmitter_Status", 31 0, o0x7ff107a88078;  alias, 0 drivers
v0x5634f00dc2b0_0 .net "UART_STA_TX", 0 0, L_0x5634f01291b0;  1 drivers
v0x5634f00dc6d0_0 .net *"_ivl_7", 1 0, L_0x5634f01293e0;  1 drivers
v0x5634f00dbe90_0 .var "current_state", 4 0;
v0x5634f00cf5c0_0 .net "data_bits_controlling_signals", 3 0, L_0x5634f01292a0;  1 drivers
v0x5634f0126c30_0 .var "index", 3 0;
v0x5634f0126d10_0 .var "next_state", 4 0;
v0x5634f0126df0_0 .var "number_of_data_bits", 3 0;
v0x5634f0126ed0_0 .net "parity_contrlling_signals", 0 0, L_0x5634f0129340;  1 drivers
v0x5634f0126f90_0 .net "sampling_pulse", 3 0, v0x5634f01288b0_0;  alias, 1 drivers
v0x5634f0127070_0 .net "stop_controlling_signals", 0 0, L_0x5634f01294e0;  1 drivers
v0x5634f0127130_0 .var "temp", 1 0;
v0x5634f0127210_0 .net "the_new_generated_clock", 0 0, v0x5634f0128a30_0;  alias, 1 drivers
E_0x5634f00df350 .event anyedge, v0x5634f0126f90_0;
L_0x5634f01291b0 .part o0x7ff107a88078, 0, 1;
L_0x5634f01292a0 .part o0x7ff107a88078, 1, 4;
L_0x5634f0129340 .part o0x7ff107a88078, 5, 1;
L_0x5634f01293e0 .part o0x7ff107a88078, 6, 2;
L_0x5634f01294e0 .part L_0x5634f01293e0, 0, 1;
S_0x5634f0127370 .scope module, "u2" "uart_baud_generator2" 2 27, 4 2 0, S_0x5634f00f4620;
 .timescale -9 -9;
    .port_info 0 /INPUT 1 "clk";
    .port_info 1 /INPUT 1 "rst";
    .port_info 2 /INPUT 32 "Baud_Rate_Holding_Register";
    .port_info 3 /INPUT 32 "clock_frequency_register";
    .port_info 4 /OUTPUT 4 "sampling_pulse";
    .port_info 5 /OUTPUT 1 "the_new_generated_clock";
P_0x5634f0127520 .param/l "IDLE" 0 4 4, C4<01>;
P_0x5634f0127560 .param/l "Sampling_Pulse_Generation_Logic" 0 4 5, C4<10>;
v0x5634f0127770_0 .net "Baud_Rate_Holding_Register", 31 0, o0x7ff107a883d8;  alias, 0 drivers
v0x5634f0127870_0 .net "Baud_Rate_Holding_Register_internal_signal", 31 0, L_0x5634f0139820;  1 drivers
L_0x7ff107a3f018 .functor BUFT 1, C4<0>, C4<0>, C4<0>, C4<0>;
v0x5634f0127950_0 .net/2u *"_ivl_0", 0 0, L_0x7ff107a3f018;  1 drivers
L_0x7ff107a3f0a8 .functor BUFT 1, C4<0>, C4<0>, C4<0>, C4<0>;
v0x5634f0127a10_0 .net/2u *"_ivl_10", 0 0, L_0x7ff107a3f0a8;  1 drivers
v0x5634f0127af0_0 .net *"_ivl_13", 30 0, L_0x5634f0139990;  1 drivers
v0x5634f0127c20_0 .net *"_ivl_3", 30 0, L_0x5634f01295b0;  1 drivers
v0x5634f0127d00_0 .net *"_ivl_4", 31 0, L_0x5634f01296d0;  1 drivers
L_0x7ff107a3f060 .functor BUFT 1, C4<00000000000000000000000000000001>, C4<0>, C4<0>, C4<0>;
v0x5634f0127de0_0 .net/2u *"_ivl_6", 31 0, L_0x7ff107a3f060;  1 drivers
v0x5634f0127ec0_0 .net "clk", 0 0, o0x7ff107a88558;  alias, 0 drivers
L_0x7ff107a3f0f0 .functor BUFT 1, C4<00000101111101011110000100000000>, C4<0>, C4<0>, C4<0>;
v0x5634f0128010_0 .net "clock_frequency_register", 31 0, L_0x7ff107a3f0f0;  1 drivers
v0x5634f01280f0_0 .net "clock_frequency_register_internal_signal", 31 0, L_0x5634f0139ac0;  1 drivers
v0x5634f01281d0_0 .var "counter", 31 0;
v0x5634f01282b0_0 .var "current_state", 1 0;
v0x5634f0128390_0 .var "divisor", 13 0;
v0x5634f0128470_0 .var "divisor_count", 13 0;
v0x5634f0128550_0 .var "half_the_Baud_Rate_counter", 31 0;
v0x5634f0128630_0 .var "next_state", 1 0;
v0x5634f0128710_0 .var "number_of_pulses_per_bit", 13 0;
v0x5634f01287f0_0 .net "rst", 0 0, L_0x5634f0139c30;  1 drivers
v0x5634f01288b0_0 .var "sampling_pulse", 3 0;
v0x5634f0128970_0 .var "sampling_pulse_internal_signal", 3 0;
v0x5634f0128a30_0 .var "the_new_generated_clock", 0 0;
E_0x5634f00dd140 .event posedge, v0x5634f0127ec0_0;
E_0x5634f00c6c20/0 .event negedge, v0x5634f01287f0_0;
E_0x5634f00c6c20/1 .event posedge, v0x5634f0127ec0_0;
E_0x5634f00c6c20 .event/or E_0x5634f00c6c20/0, E_0x5634f00c6c20/1;
L_0x5634f01295b0 .part o0x7ff107a883d8, 1, 31;
L_0x5634f01296d0 .concat [ 31 1 0 0], L_0x5634f01295b0, L_0x7ff107a3f018;
L_0x5634f0139820 .arith/sub 32, L_0x5634f01296d0, L_0x7ff107a3f060;
L_0x5634f0139990 .part L_0x7ff107a3f0f0, 1, 31;
L_0x5634f0139ac0 .concat [ 31 1 0 0], L_0x5634f0139990, L_0x7ff107a3f0a8;
    .scope S_0x5634f00f4800;
T_0 ;
    %pushi/vec4 0, 0, 4;
    %store/vec4 v0x5634f0126c30_0, 0, 4;
    %pushi/vec4 0, 0, 2;
    %store/vec4 v0x5634f0127130_0, 0, 2;
    %pushi/vec4 0, 0, 4;
    %store/vec4 v0x5634f0126df0_0, 0, 4;
    %end;
    .thread T_0;
    .scope S_0x5634f00f4800;
T_1 ;
    %wait E_0x5634f00df350;
    %load/vec4 v0x5634f00dc2b0_0;
    %nor/r;
    %flag_set/vec4 8;
    %jmp/0xz  T_1.0, 8;
    %pushi/vec4 1, 0, 5;
    %assign/vec4 v0x5634f00dbe90_0, 0;
    %jmp T_1.1;
T_1.0 ;
    %pushi/vec4 2, 0, 5;
    %assign/vec4 v0x5634f00dbe90_0, 0;
T_1.1 ;
    %jmp T_1;
    .thread T_1, $push;
    .scope S_0x5634f00f4800;
T_2 ;
    %wait E_0x5634f00df350;
    %load/vec4 v0x5634f00dbe90_0;
    %dup/vec4;
    %pushi/vec4 1, 0, 5;
    %cmp/u;
    %jmp/1 T_2.0, 6;
    %dup/vec4;
    %pushi/vec4 2, 0, 5;
    %cmp/u;
    %jmp/1 T_2.1, 6;
    %dup/vec4;
    %pushi/vec4 4, 0, 5;
    %cmp/u;
    %jmp/1 T_2.2, 6;
    %dup/vec4;
    %pushi/vec4 8, 0, 5;
    %cmp/u;
    %jmp/1 T_2.3, 6;
    %dup/vec4;
    %pushi/vec4 16, 0, 5;
    %cmp/u;
    %jmp/1 T_2.4, 6;
    %jmp T_2.5;
T_2.0 ;
    %pushi/vec4 1, 0, 1;
    %store/vec4 v0x5634f00dcaf0_0, 0, 1;
    %load/vec4 v0x5634f00dc2b0_0;
    %nor/r;
    %flag_set/vec4 8;
    %jmp/0xz  T_2.6, 8;
    %pushi/vec4 1, 0, 5;
    %assign/vec4 v0x5634f0126d10_0, 0;
    %jmp T_2.7;
T_2.6 ;
    %pushi/vec4 2, 0, 5;
    %assign/vec4 v0x5634f0126d10_0, 0;
T_2.7 ;
    %jmp T_2.5;
T_2.1 ;
    %load/vec4 v0x5634f0126f90_0;
    %cmpi/e 8, 0, 4;
    %jmp/0xz  T_2.8, 4;
    %pushi/vec4 0, 0, 1;
    %store/vec4 v0x5634f00dcaf0_0, 0, 1;
    %pushi/vec4 4, 0, 5;
    %store/vec4 v0x5634f0126d10_0, 0, 5;
    %jmp T_2.9;
T_2.8 ;
    %pushi/vec4 2, 0, 5;
    %store/vec4 v0x5634f0126d10_0, 0, 5;
T_2.9 ;
    %jmp T_2.5;
T_2.2 ;
    %load/vec4 v0x5634f0126f90_0;
    %cmpi/e 8, 0, 4;
    %jmp/0xz  T_2.10, 4;
    %load/vec4 v0x5634f00cf5c0_0;
    %cmpi/e 5, 0, 4;
    %jmp/0xz  T_2.12, 4;
    %load/vec4 v0x5634f0126c30_0;
    %cmpi/u 5, 0, 4;
    %jmp/0xz  T_2.14, 5;
    %load/vec4 v0x5634f00dc990_0;
    %load/vec4 v0x5634f0126c30_0;
    %part/u 1;
    %assign/vec4 v0x5634f00dcaf0_0, 0;
    %load/vec4 v0x5634f0126c30_0;
    %addi 1, 0, 4;
    %assign/vec4 v0x5634f0126c30_0, 0;
    %pushi/vec4 4, 0, 5;
    %assign/vec4 v0x5634f0126d10_0, 0;
    %jmp T_2.15;
T_2.14 ;
    %pushi/vec4 8, 0, 5;
    %assign/vec4 v0x5634f0126d10_0, 0;
T_2.15 ;
    %jmp T_2.13;
T_2.12 ;
    %load/vec4 v0x5634f00cf5c0_0;
    %cmpi/e 6, 0, 4;
    %jmp/0xz  T_2.16, 4;
    %load/vec4 v0x5634f0126c30_0;
    %cmpi/u 6, 0, 4;
    %jmp/0xz  T_2.18, 5;
    %load/vec4 v0x5634f00dc990_0;
    %load/vec4 v0x5634f0126c30_0;
    %part/u 1;
    %assign/vec4 v0x5634f00dcaf0_0, 0;
    %load/vec4 v0x5634f0126c30_0;
    %addi 1, 0, 4;
    %assign/vec4 v0x5634f0126c30_0, 0;
    %pushi/vec4 4, 0, 5;
    %assign/vec4 v0x5634f0126d10_0, 0;
    %jmp T_2.19;
T_2.18 ;
    %pushi/vec4 8, 0, 5;
    %assign/vec4 v0x5634f0126d10_0, 0;
T_2.19 ;
    %jmp T_2.17;
T_2.16 ;
    %load/vec4 v0x5634f00cf5c0_0;
    %cmpi/e 7, 0, 4;
    %jmp/0xz  T_2.20, 4;
    %load/vec4 v0x5634f0126c30_0;
    %cmpi/u 7, 0, 4;
    %jmp/0xz  T_2.22, 5;
    %load/vec4 v0x5634f00dc990_0;
    %load/vec4 v0x5634f0126c30_0;
    %part/u 1;
    %assign/vec4 v0x5634f00dcaf0_0, 0;
    %load/vec4 v0x5634f0126c30_0;
    %addi 1, 0, 4;
    %assign/vec4 v0x5634f0126c30_0, 0;
    %pushi/vec4 4, 0, 5;
    %assign/vec4 v0x5634f0126d10_0, 0;
    %jmp T_2.23;
T_2.22 ;
    %pushi/vec4 8, 0, 5;
    %assign/vec4 v0x5634f0126d10_0, 0;
T_2.23 ;
    %jmp T_2.21;
T_2.20 ;
    %load/vec4 v0x5634f00cf5c0_0;
    %cmpi/e 8, 0, 4;
    %jmp/0xz  T_2.24, 4;
    %load/vec4 v0x5634f0126c30_0;
    %cmpi/u 8, 0, 4;
    %jmp/0xz  T_2.26, 5;
    %load/vec4 v0x5634f00dc990_0;
    %load/vec4 v0x5634f0126c30_0;
    %part/u 1;
    %assign/vec4 v0x5634f00dcaf0_0, 0;
    %load/vec4 v0x5634f0126c30_0;
    %addi 1, 0, 4;
    %assign/vec4 v0x5634f0126c30_0, 0;
    %pushi/vec4 4, 0, 5;
    %assign/vec4 v0x5634f0126d10_0, 0;
    %jmp T_2.27;
T_2.26 ;
    %pushi/vec4 8, 0, 5;
    %assign/vec4 v0x5634f0126d10_0, 0;
T_2.27 ;
    %jmp T_2.25;
T_2.24 ;
    %load/vec4 v0x5634f00cf5c0_0;
    %cmpi/e 9, 0, 4;
    %jmp/0xz  T_2.28, 4;
    %load/vec4 v0x5634f0126c30_0;
    %cmpi/u 9, 0, 4;
    %jmp/0xz  T_2.30, 5;
    %load/vec4 v0x5634f00dc990_0;
    %load/vec4 v0x5634f0126c30_0;
    %part/u 1;
    %assign/vec4 v0x5634f00dcaf0_0, 0;
    %load/vec4 v0x5634f0126c30_0;
    %addi 1, 0, 4;
    %assign/vec4 v0x5634f0126c30_0, 0;
    %pushi/vec4 4, 0, 5;
    %assign/vec4 v0x5634f0126d10_0, 0;
    %jmp T_2.31;
T_2.30 ;
    %pushi/vec4 8, 0, 5;
    %assign/vec4 v0x5634f0126d10_0, 0;
T_2.31 ;
    %jmp T_2.29;
T_2.28 ;
    %pushi/vec4 1, 0, 5;
    %assign/vec4 v0x5634f0126d10_0, 0;
T_2.29 ;
T_2.25 ;
T_2.21 ;
T_2.17 ;
T_2.13 ;
    %jmp T_2.11;
T_2.10 ;
    %pushi/vec4 4, 0, 5;
    %assign/vec4 v0x5634f0126d10_0, 0;
T_2.11 ;
    %jmp T_2.5;
T_2.3 ;
    %load/vec4 v0x5634f0126f90_0;
    %cmpi/e 8, 0, 4;
    %jmp/0xz  T_2.32, 4;
    %load/vec4 v0x5634f0126ed0_0;
    %cmpi/e 0, 0, 1;
    %jmp/0xz  T_2.34, 4;
    %pushi/vec4 16, 0, 5;
    %assign/vec4 v0x5634f0126d10_0, 0;
    %jmp T_2.35;
T_2.34 ;
    %load/vec4 v0x5634f00cf5c0_0;
    %cmpi/e 5, 0, 4;
    %jmp/0xz  T_2.36, 4;
    %load/vec4 v0x5634f00dc990_0;
    %parti/s 5, 0, 2;
    %xor/r;
    %assign/vec4 v0x5634f00dcaf0_0, 0;
    %pushi/vec4 16, 0, 5;
    %assign/vec4 v0x5634f0126d10_0, 0;
    %jmp T_2.37;
T_2.36 ;
    %load/vec4 v0x5634f00cf5c0_0;
    %cmpi/e 6, 0, 4;
    %jmp/0xz  T_2.38, 4;
    %load/vec4 v0x5634f00dc990_0;
    %parti/s 6, 0, 2;
    %xor/r;
    %assign/vec4 v0x5634f00dcaf0_0, 0;
    %pushi/vec4 16, 0, 5;
    %assign/vec4 v0x5634f0126d10_0, 0;
    %jmp T_2.39;
T_2.38 ;
    %load/vec4 v0x5634f00cf5c0_0;
    %cmpi/e 7, 0, 4;
    %jmp/0xz  T_2.40, 4;
    %load/vec4 v0x5634f00dc990_0;
    %parti/s 7, 0, 2;
    %xor/r;
    %assign/vec4 v0x5634f00dcaf0_0, 0;
    %pushi/vec4 16, 0, 5;
    %assign/vec4 v0x5634f0126d10_0, 0;
    %jmp T_2.41;
T_2.40 ;
    %load/vec4 v0x5634f00cf5c0_0;
    %cmpi/e 8, 0, 4;
    %jmp/0xz  T_2.42, 4;
    %load/vec4 v0x5634f00dc990_0;
    %parti/s 8, 0, 2;
    %xor/r;
    %assign/vec4 v0x5634f00dcaf0_0, 0;
    %pushi/vec4 16, 0, 5;
    %assign/vec4 v0x5634f0126d10_0, 0;
    %jmp T_2.43;
T_2.42 ;
    %load/vec4 v0x5634f00cf5c0_0;
    %cmpi/e 9, 0, 4;
    %jmp/0xz  T_2.44, 4;
    %load/vec4 v0x5634f00dc990_0;
    %parti/s 9, 0, 2;
    %xor/r;
    %assign/vec4 v0x5634f00dcaf0_0, 0;
    %pushi/vec4 16, 0, 5;
    %assign/vec4 v0x5634f0126d10_0, 0;
    %jmp T_2.45;
T_2.44 ;
    %pushi/vec4 1, 0, 5;
    %store/vec4 v0x5634f0126d10_0, 0, 5;
T_2.45 ;
T_2.43 ;
T_2.41 ;
T_2.39 ;
T_2.37 ;
T_2.35 ;
    %jmp T_2.33;
T_2.32 ;
    %pushi/vec4 8, 0, 5;
    %assign/vec4 v0x5634f0126d10_0, 0;
T_2.33 ;
    %jmp T_2.5;
T_2.4 ;
    %load/vec4 v0x5634f0126f90_0;
    %cmpi/e 8, 0, 4;
    %jmp/0xz  T_2.46, 4;
    %load/vec4 v0x5634f0127070_0;
    %pad/u 2;
    %cmpi/e 1, 0, 2;
    %jmp/0xz  T_2.48, 4;
    %pushi/vec4 1, 0, 1;
    %assign/vec4 v0x5634f00dcaf0_0, 0;
    %pushi/vec4 1, 0, 5;
    %assign/vec4 v0x5634f0126d10_0, 0;
    %jmp T_2.49;
T_2.48 ;
    %load/vec4 v0x5634f0127070_0;
    %pad/u 2;
    %cmpi/e 2, 0, 2;
    %jmp/0xz  T_2.50, 4;
    %load/vec4 v0x5634f0127130_0;
    %cmpi/u 2, 0, 2;
    %jmp/0xz  T_2.52, 5;
    %pushi/vec4 1, 0, 1;
    %assign/vec4 v0x5634f00dcaf0_0, 0;
    %load/vec4 v0x5634f0127130_0;
    %addi 1, 0, 2;
    %assign/vec4 v0x5634f0127130_0, 0;
    %pushi/vec4 16, 0, 5;
    %assign/vec4 v0x5634f0126d10_0, 0;
    %jmp T_2.53;
T_2.52 ;
    %pushi/vec4 1, 0, 5;
    %assign/vec4 v0x5634f0126d10_0, 0;
T_2.53 ;
    %jmp T_2.51;
T_2.50 ;
    %pushi/vec4 1, 0, 5;
    %assign/vec4 v0x5634f0126d10_0, 0;
T_2.51 ;
T_2.49 ;
    %jmp T_2.47;
T_2.46 ;
    %pushi/vec4 16, 0, 5;
    %assign/vec4 v0x5634f0126d10_0, 0;
T_2.47 ;
    %jmp T_2.5;
T_2.5 ;
    %pop/vec4 1;
    %jmp T_2;
    .thread T_2, $push;
    .scope S_0x5634f0127370;
T_3 ;
    %pushi/vec4 0, 0, 4;
    %store/vec4 v0x5634f01288b0_0, 0, 4;
    %pushi/vec4 0, 0, 1;
    %store/vec4 v0x5634f0128a30_0, 0, 1;
    %pushi/vec4 0, 0, 4;
    %store/vec4 v0x5634f0128970_0, 0, 4;
    %pushi/vec4 0, 0, 32;
    %store/vec4 v0x5634f0128550_0, 0, 32;
    %pushi/vec4 0, 0, 14;
    %store/vec4 v0x5634f0128710_0, 0, 14;
    %pushi/vec4 0, 0, 14;
    %store/vec4 v0x5634f0128390_0, 0, 14;
    %pushi/vec4 0, 0, 14;
    %store/vec4 v0x5634f0128470_0, 0, 14;
    %pushi/vec4 0, 0, 32;
    %store/vec4 v0x5634f01281d0_0, 0, 32;
    %end;
    .thread T_3;
    .scope S_0x5634f0127370;
T_4 ;
    %wait E_0x5634f00c6c20;
    %load/vec4 v0x5634f01287f0_0;
    %nor/r;
    %flag_set/vec4 8;
    %jmp/0xz  T_4.0, 8;
    %pushi/vec4 1, 0, 2;
    %store/vec4 v0x5634f01282b0_0, 0, 2;
    %jmp T_4.1;
T_4.0 ;
    %pushi/vec4 2, 0, 2;
    %store/vec4 v0x5634f01282b0_0, 0, 2;
T_4.1 ;
    %jmp T_4;
    .thread T_4;
    .scope S_0x5634f0127370;
T_5 ;
    %wait E_0x5634f00dd140;
    %load/vec4 v0x5634f01282b0_0;
    %dup/vec4;
    %pushi/vec4 1, 0, 2;
    %cmp/u;
    %jmp/1 T_5.0, 6;
    %dup/vec4;
    %pushi/vec4 2, 0, 2;
    %cmp/u;
    %jmp/1 T_5.1, 6;
    %pushi/vec4 1, 0, 2;
    %store/vec4 v0x5634f0128630_0, 0, 2;
    %jmp T_5.3;
T_5.0 ;
    %pushi/vec4 0, 0, 4;
    %store/vec4 v0x5634f01288b0_0, 0, 4;
    %pushi/vec4 0, 0, 1;
    %store/vec4 v0x5634f0128a30_0, 0, 1;
    %load/vec4 v0x5634f01287f0_0;
    %nor/r;
    %flag_set/vec4 8;
    %jmp/0xz  T_5.4, 8;
    %pushi/vec4 1, 0, 2;
    %store/vec4 v0x5634f0128630_0, 0, 2;
    %jmp T_5.5;
T_5.4 ;
    %pushi/vec4 2, 0, 2;
    %store/vec4 v0x5634f0128630_0, 0, 2;
T_5.5 ;
    %jmp T_5.3;
T_5.1 ;
    %load/vec4 v0x5634f01287f0_0;
    %nor/r;
    %flag_set/vec4 8;
    %jmp/0xz  T_5.6, 8;
    %pushi/vec4 1, 0, 2;
    %store/vec4 v0x5634f0128630_0, 0, 2;
    %jmp T_5.7;
T_5.6 ;
    %load/vec4 v0x5634f01281d0_0;
    %addi 1, 0, 32;
    %assign/vec4 v0x5634f01281d0_0, 0;
    %load/vec4 v0x5634f0128550_0;
    %load/vec4 v0x5634f0127870_0;
    %cmp/e;
    %jmp/0xz  T_5.8, 4;
    %load/vec4 v0x5634f0128a30_0;
    %inv;
    %assign/vec4 v0x5634f0128a30_0, 0;
    %load/vec4 v0x5634f0128a30_0;
    %pad/u 32;
    %cmpi/e 1, 0, 32;
    %jmp/0xz  T_5.10, 4;
    %load/vec4 v0x5634f01281d0_0;
    %load/vec4 v0x5634f01280f0_0;
    %subi 1, 0, 32;
    %cmp/u;
    %jmp/0xz  T_5.12, 5;
    %load/vec4 v0x5634f0128710_0;
    %addi 1, 0, 14;
    %assign/vec4 v0x5634f0128710_0, 0;
    %vpi_call 4 69 "$monitor", "number_of_pulses_per_bit = %d, counter = %d, clock_frequency_register = %d, clock_frequency_register_internal_signal = %d, sampling_pulse = %b \012", v0x5634f0128710_0, v0x5634f01281d0_0, v0x5634f0128010_0, v0x5634f01280f0_0, v0x5634f01288b0_0 {0 0 0};
    %jmp T_5.13;
T_5.12 ;
    %pushi/vec4 100000000, 0, 32;
    %store/vec4 v0x5634f01281d0_0, 0, 32;
    %pushi/vec4 0, 0, 8;
    %load/vec4 v0x5634f0128710_0;
    %parti/s 6, 0, 2;
    %concat/vec4; draw_concat_vec4
    %assign/vec4 v0x5634f0128390_0, 0;
    %load/vec4 v0x5634f0128470_0;
    %load/vec4 v0x5634f0128390_0;
    %cmp/e;
    %jmp/0xz  T_5.14, 4;
    %load/vec4 v0x5634f01288b0_0;
    %addi 1, 0, 4;
    %assign/vec4 v0x5634f01288b0_0, 0;
    %pushi/vec4 0, 0, 14;
    %store/vec4 v0x5634f0128470_0, 0, 14;
    %jmp T_5.15;
T_5.14 ;
    %load/vec4 v0x5634f0128470_0;
    %addi 1, 0, 14;
    %assign/vec4 v0x5634f0128470_0, 0;
T_5.15 ;
T_5.13 ;
T_5.10 ;
    %jmp T_5.9;
T_5.8 ;
    %load/vec4 v0x5634f0128550_0;
    %addi 1, 0, 32;
    %assign/vec4 v0x5634f0128550_0, 0;
T_5.9 ;
T_5.7 ;
    %jmp T_5.3;
T_5.3 ;
    %pop/vec4 1;
    %jmp T_5;
    .thread T_5;
# The file index is used to find the file name in the following table.
:file_names 5;
    "N/A";
    "<interactive>";
    "transmitter_top_module.v";
    "transmitter.v";
    "baud_rate_generator_block.v";
