OpenROAD 0.9.0 1415572a73
This program is licensed under the BSD-3 license. See the LICENSE file for details.
Components of this program may be licensed under more restrictive licenses which must be honored.
Notice 0: Reading LEF file:  /openLANE_flow/designs/uart/runs/14-04_15-46/tmp/merged_unpadded.lef
Notice 0:     Created 13 technology layers
Notice 0:     Created 25 technology vias
Notice 0:     Created 440 library cells
Notice 0: Finished LEF file:  /openLANE_flow/designs/uart/runs/14-04_15-46/tmp/merged_unpadded.lef
Notice 0: 
Reading DEF file: /openLANE_flow/designs/uart/runs/14-04_15-46/tmp/placement/8-resizer.def
Notice 0: Design: uart
Notice 0:     Created 7 pins.
Notice 0:     Created 173 components and 999 component-terminals.
Notice 0:     Created 2 special nets and 0 connections.
Notice 0:     Created 114 nets and 362 connections.
Notice 0: Finished DEF file: /openLANE_flow/designs/uart/runs/14-04_15-46/tmp/placement/8-resizer.def
Design Stats
--------------------------------
total instances           173
multi row instances         0
fixed instances            62
nets                      116
design area            2169.6 u^2
fixed area              162.7 u^2
movable area           1002.2 u^2
utilization                50 %
utilization padded         78 %
rows                       17
row height                2.7 u

Placement Analysis
--------------------------------
total displacement        0.0 u
average displacement      0.0 u
max displacement          0.0 u
original HPWL          1953.2 u
legalized HPWL         2038.6 u
delta HPWL                  4 %

[INFO DPL-0020] Mirrored 51 instances
[INFO DPL-0021] HPWL before            2038.6 u
[INFO DPL-0022] HPWL after             1953.2 u
[INFO DPL-0023] HPWL delta               -4.2 %
